<?xml version="1.0"?>
<testsuites>
  <testsuite name="Chrome 31.0 (Windows)" package="undefined" timestamp="2013-11-29T17:31:03" id="0" hostname="RicardoMallols" tests="438" errors="0" failures="0" time="20.407">
    <properties>
      <property name="browser.fullName" value="Mozilla/5.0 (Windows NT 6.2; WOW64) AppleWebKit/537.36 (KHTML, like Gecko) Chrome/31.0.1650.57 Safari/537.36"/>
    </properties>
    <testcase name="should have the app generic style class" time="0.313" classname="Chrome 31.0 (Windows).app directive root element"/>
    <testcase name="should have the app specific style class" time="0.047" classname="Chrome 31.0 (Windows).app directive root element"/>
    <testcase name="should have the clearfix style class" time="0.031" classname="Chrome 31.0 (Windows).app directive root element"/>
    <testcase name="should not have any admin related class by default" time="0.031" classname="Chrome 31.0 (Windows).app directive root element"/>
    <testcase name="should have an admin related class if the user has the proper privileges" time="0.063" classname="Chrome 31.0 (Windows).app directive root element"/>
    <testcase name="should have the reference to the app header directive" time="0.062" classname="Chrome 31.0 (Windows).app directive header area"/>
    <testcase name="should have the clearfix style class in the reference to the app header directive" time="0.047" classname="Chrome 31.0 (Windows).app directive header area"/>
    <testcase name="should have the reference to the content area" time="0.047" classname="Chrome 31.0 (Windows).app directive content area"/>
    <testcase name="should have the clearfix style class in the reference to the content area" time="0.047" classname="Chrome 31.0 (Windows).app directive content area"/>
    <testcase name="should have a reference to the app bridge area" time="0.047" classname="Chrome 31.0 (Windows).app directive content area - app bridge"/>
    <testcase name="should specify the model attribute" time="0.047" classname="Chrome 31.0 (Windows).app directive content area - app bridge"/>
    <testcase name="should specify the internal data attribute" time="0.031" classname="Chrome 31.0 (Windows).app directive content area - app bridge"/>
    <testcase name="should specify the src attribute" time="0.047" classname="Chrome 31.0 (Windows).app directive content area - app bridge"/>
    <testcase name="should specify the view attribute" time="0.047" classname="Chrome 31.0 (Windows).app directive content area - app bridge"/>
    <testcase name="should specify the onEvent attribute" time="0.046" classname="Chrome 31.0 (Windows).app directive content area - app bridge"/>
    <testcase name="should have a reference to the title area in the reference to the content area" time="0.047" classname="Chrome 31.0 (Windows).app directive content area - title handling"/>
    <testcase name="should have a reference to the title type area in the reference to the content area" time="0.047" classname="Chrome 31.0 (Windows).app directive content area - title handling"/>
    <testcase name="should not show the title area by default" time="0.031" classname="Chrome 31.0 (Windows).app directive content area - title handling"/>
    <testcase name="should show the title area if it&apos;s the model says that" time="0.11" classname="Chrome 31.0 (Windows).app directive content area - title handling"/>
    <testcase name="should show the default app title if the app is not specifying a specific one" time="0.031" classname="Chrome 31.0 (Windows).app directive content area - title handling"/>
    <testcase name="should show the specific app title if the app overwrites it" time="0.031" classname="Chrome 31.0 (Windows).app directive content area - title handling"/>
    <testcase name="should have the micro clearfix styleclass" time="0.047" classname="Chrome 31.0 (Windows).app header directive general structure"/>
    <testcase name="should have header toggle element" time="0.031" classname="Chrome 31.0 (Windows).app header directive header toggle structure"/>
    <testcase name="should not show the header toggle if the user doesn&apos;t have the proper privileges" time="0.047" classname="Chrome 31.0 (Windows).app header directive header toggle structure"/>
    <testcase name="should not show the header toggle even if the user has the proper privilegeswhenever they have been got dynamically (this is for caching pourposes)" time="0.047" classname="Chrome 31.0 (Windows).app header directive header toggle structure"/>
    <testcase name="should show the header toggle if the user had the proper privileges before compilation" time="0.047" classname="Chrome 31.0 (Windows).app header directive header toggle structure"/>
    <testcase name="should have header area element" time="0.062" classname="Chrome 31.0 (Windows).app header directive header area structure"/>
    <testcase name="should have the micro clearfix styleclass" time="0.031" classname="Chrome 31.0 (Windows).app header directive header area structure"/>
    <testcase name="should not show the header area if the user doesn&apos;t have the proper privileges" time="0.047" classname="Chrome 31.0 (Windows).app header directive header area structure"/>
    <testcase name="should not show the header area even if the user has the proper privilegeswhenever they have been got dynamically (this is for caching pourposes)" time="0.063" classname="Chrome 31.0 (Windows).app header directive header area structure"/>
    <testcase name="should show the header toggle if the user had the proper privileges before compilation" time="0.062" classname="Chrome 31.0 (Windows).app header directive header area structure"/>
    <testcase name="should have the title element" time="0.047" classname="Chrome 31.0 (Windows).app header directive header area title"/>
    <testcase name="should take the app default title if the model doesn&apos;t specify a new one" time="0.031" classname="Chrome 31.0 (Windows).app header directive header area title"/>
    <testcase name="should take the specific title if the model specifies it" time="0.047" classname="Chrome 31.0 (Windows).app header directive header area title"/>
    <testcase name="should have the actions element" time="0.063" classname="Chrome 31.0 (Windows).app header directive actions"/>
    <testcase name="should have the edit action element" time="0.047" classname="Chrome 31.0 (Windows).app header directive actions edit"/>
    <testcase name="should not show the edit action by default" time="0.047" classname="Chrome 31.0 (Windows).app header directive actions edit"/>
    <testcase name="should show the edit action whenever the use has the proper privileges before compiling" time="0.062" classname="Chrome 31.0 (Windows).app header directive actions edit"/>
    <testcase name="should have the fullscreen action element" time="0.031" classname="Chrome 31.0 (Windows).app header directive actions fullscreen"/>
    <testcase name="should not show the fullscreen action by default" time="0.063" classname="Chrome 31.0 (Windows).app header directive actions fullscreen"/>
    <testcase name="should not show the fullscreen action whenever the use has&apos;nt the proper privileges before compiling (i.e. he&apos;s creator but not admin user" time="0.031" classname="Chrome 31.0 (Windows).app header directive actions fullscreen"/>
    <testcase name="should show the fullscreen action whenever the use has the proper privileges before compiling" time="0.109" classname="Chrome 31.0 (Windows).app header directive actions fullscreen"/>
    <testcase name="should not mark the fullscreen action as disabled if fullscreen mode is not template and the app doesn&apos; belong to the template area" time="0.063" classname="Chrome 31.0 (Windows).app header directive actions fullscreen disabled state"/>
    <testcase name="should not mark the fullscreen action as disabled if fullscreen mode is template but the app doesn&apos; belong to the template area" time="0.094" classname="Chrome 31.0 (Windows).app header directive actions fullscreen disabled state"/>
    <testcase name="should not mark the fullscreen action as disabled if fullscreen mode is not template and the app belongs to the template area" time="0.031" classname="Chrome 31.0 (Windows).app header directive actions fullscreen disabled state"/>
    <testcase name="should mark the fullscreen action as disabled if fullscreen mode is template and the app belongs to the template area" time="0.031" classname="Chrome 31.0 (Windows).app header directive actions fullscreen disabled state"/>
    <testcase name="should have the remove action element" time="0.172" classname="Chrome 31.0 (Windows).app header directive actions remove"/>
    <testcase name="should not show the remove action by default" time="0.047" classname="Chrome 31.0 (Windows).app header directive actions remove"/>
    <testcase name="should show the remove action whenever the use has the proper privileges before compiling" time="0.141" classname="Chrome 31.0 (Windows).app header directive actions remove"/>
    <testcase name="should have the &apos;bannerCanvas&apos; styleclass" time="0.078" classname="Chrome 31.0 (Windows).bannerCanvas directive main DOM structure"/>
    <testcase name="should have a grid container" time="0.031" classname="Chrome 31.0 (Windows).bannerCanvas directive main DOM structure"/>
    <testcase name="should have the readonly class whenever the user doesn&apos;t have the creator role" time="0.047" classname="Chrome 31.0 (Windows).bannerCanvas directive component editability readonly style class"/>
    <testcase name="should have the readonly class whenever the user got the creator role after the element was created (for caching purposes)" time="0.156" classname="Chrome 31.0 (Windows).bannerCanvas directive component editability readonly style class"/>
    <testcase name="should have the readonly class whenever the user has have the creator role before the element was created" time="0.047" classname="Chrome 31.0 (Windows).bannerCanvas directive component editability readonly style class"/>
    <testcase name="should not have a global actions container without popper privileges" time="0.031" classname="Chrome 31.0 (Windows).bannerCanvas directive component editability elements visibility"/>
    <testcase name="should have a global actions container with popper privileges" time="0.047" classname="Chrome 31.0 (Windows).bannerCanvas directive component editability elements visibility"/>
    <testcase name="should have a button to add images without popper privileges" time="0.047" classname="Chrome 31.0 (Windows).bannerCanvas directive component editability elements visibility"/>
    <testcase name="should have a button to add images with popper privileges" time="0.062" classname="Chrome 31.0 (Windows).bannerCanvas directive component editability elements visibility"/>
    <testcase name="should not have a button to add text without popper privileges" time="0.032" classname="Chrome 31.0 (Windows).bannerCanvas directive component editability elements visibility"/>
    <testcase name="should have a button to add text with popper privileges" time="0.062" classname="Chrome 31.0 (Windows).bannerCanvas directive component editability elements visibility"/>
    <testcase name="should have the proper amount of column rulers" time="0.031" classname="Chrome 31.0 (Windows).bannerCanvas directive rulers structure"/>
    <testcase name="should have the proper amount of row rulers" time="0.047" classname="Chrome 31.0 (Windows).bannerCanvas directive rulers structure"/>
    <testcase name="should have the proper amount of added items" time="0.047" classname="Chrome 31.0 (Windows).bannerCanvas directive initial model state"/>
    <testcase name="should wire the item Id with the Id attribute of the DOM" time="0.031" classname="Chrome 31.0 (Windows).bannerItem directive main DOM structure"/>
    <testcase name="should set the draggable main style class" time="0.047" classname="Chrome 31.0 (Windows).bannerItem directive main DOM structure"/>
    <testcase name="should set the resizable main style class" time="0.063" classname="Chrome 31.0 (Windows).bannerItem directive main DOM structure"/>
    <testcase name="should set the edit item button" time="0.047" classname="Chrome 31.0 (Windows).bannerItem directive main DOM structure"/>
    <testcase name="should set the select handler input to manage the active status" time="0.047" classname="Chrome 31.0 (Windows).bannerItem directive main DOM structure"/>
    <testcase name="should not have the readonly class by default" time="0.031" classname="Chrome 31.0 (Windows).bannerItem directive component editability readOnly style class"/>
    <testcase name="should have the readonly class whenever the readonly attr is set" time="0.047" classname="Chrome 31.0 (Windows).bannerItem directive component editability readOnly style class"/>
    <testcase name="should have the ui-draggable class by default" time="0.047" classname="Chrome 31.0 (Windows).bannerItem directive component editability draggable style class"/>
    <testcase name="should have the ui-draggable class even if the readonly attr is set after compilation (caching purposes)" time="0.046" classname="Chrome 31.0 (Windows).bannerItem directive component editability draggable style class"/>
    <testcase name="should not have the ui-draggable class if the readonly attr is set before compilation" time="0.063" classname="Chrome 31.0 (Windows).bannerItem directive component editability draggable style class"/>
    <testcase name="should have the ui-resizable class by default" time="0.062" classname="Chrome 31.0 (Windows).bannerItem directive component editability resizable style class"/>
    <testcase name="should have the ui-resizable class even if the readonly attr is set after compilation (caching purposes)" time="0.032" classname="Chrome 31.0 (Windows).bannerItem directive component editability resizable style class"/>
    <testcase name="should not have the ui-resizable class if the readonly attr is set before compilation" time="0.109" classname="Chrome 31.0 (Windows).bannerItem directive component editability resizable style class"/>
    <testcase name="should set the proper width" time="0.047" classname="Chrome 31.0 (Windows).bannerItem directive item size"/>
    <testcase name="should set the proper height" time="0.047" classname="Chrome 31.0 (Windows).bannerItem directive item size"/>
    <testcase name="should set the proper top position" time="0.031" classname="Chrome 31.0 (Windows).bannerItem directive item position"/>
    <testcase name="should set the proper left position" time="0.047" classname="Chrome 31.0 (Windows).bannerItem directive item position"/>
    <testcase name="should not mark the item as selected by default" time="0.062" classname="Chrome 31.0 (Windows).bannerItem directive item selection"/>
    <testcase name="should mark the item as selected whenever it&apos;s clicked" time="0.032" classname="Chrome 31.0 (Windows).bannerItem directive item selection"/>
    <testcase name="should unmark the item whenever it&apos;s blurred" time="0.032" classname="Chrome 31.0 (Windows).bannerItem directive item selection"/>
    <testcase name="should add the text component" time="0.046" classname="Chrome 31.0 (Windows).bannerItem directive text based item"/>
    <testcase name="should set the specified text" time="0.047" classname="Chrome 31.0 (Windows).bannerItem directive text based item"/>
    <testcase name="should add the text component" time="0.063" classname="Chrome 31.0 (Windows).bannerItem directive image based item"/>
    <testcase name="should set the specified image source" time="0.109" classname="Chrome 31.0 (Windows).bannerItem directive image based item"/>
    <testcase name="should have a wrapping class" time="0.031" classname="Chrome 31.0 (Windows).checkbox directive"/>
    <testcase name="should have an Id" time="0.047" classname="Chrome 31.0 (Windows).checkbox directive"/>
    <testcase name="should have the proper stylesheet class" time="0.047" classname="Chrome 31.0 (Windows).checkbox directive"/>
    <testcase name="should mark as checked the component whenever the model is set to true" time="0.047" classname="Chrome 31.0 (Windows).checkbox directive"/>
    <testcase name="should mark as unchecked the component whenever the model is set to false" time="0.047" classname="Chrome 31.0 (Windows).checkbox directive"/>
    <testcase name="should mark as checked the component whenever the model is set to false but it&apos;s clicked afterwards" time="0.047" classname="Chrome 31.0 (Windows).checkbox directive"/>
    <testcase name="should mark as unchecked the component whenever the model is set to true but it&apos;s clicked afterwards" time="0.047" classname="Chrome 31.0 (Windows).checkbox directive"/>
    <testcase name="should mark as unchecked the component whenever the model is set to false but it&apos;s clicked afterwards twice" time="0.047" classname="Chrome 31.0 (Windows).checkbox directive"/>
    <testcase name="should mark as checked the component whenever the model is set to true but it&apos;s clicked afterwards twice" time="0.031" classname="Chrome 31.0 (Windows).checkbox directive"/>
    <testcase name="should display the label just after the checkbox" time="0.047" classname="Chrome 31.0 (Windows).checkbox directive"/>
    <testcase name="should wire the label with the input" time="0.047" classname="Chrome 31.0 (Windows).checkbox directive"/>
    <testcase name="should use ng-show instead of ux-show to avoid problems with the ID of the scope" time="0.062" classname="Chrome 31.0 (Windows).checkbox directive"/>
    <testcase name="should nest labels avoid problems with the ID of the scope" time="0.031" classname="Chrome 31.0 (Windows).checkbox directive"/>
    <testcase name="should have the content-editable attribute" time="0.078" classname="Chrome 31.0 (Windows).caret service root element"/>
    <testcase name="should have the proper ng-model attribute" time="0.11" classname="Chrome 31.0 (Windows).caret service root element"/>
    <testcase name="should have the actions area wrapper" time="0.047" classname="Chrome 31.0 (Windows).caret service actions area"/>
    <testcase name="should have the mediaPicker area wrapper" time="0.047" classname="Chrome 31.0 (Windows).caret service actions area"/>
    <testcase name="should not show the actions area by default" time="0.046" classname="Chrome 31.0 (Windows).caret service actions area"/>
    <testcase name="should not show the actions area if the editable area is focused but the user doesn&apos;t have the proper permissions" time="0.032" classname="Chrome 31.0 (Windows).caret service actions area"/>
    <testcase name="should show the actions area if the editable area is focused and the user has the proper permissions" time="0.047" classname="Chrome 31.0 (Windows).caret service actions area"/>
    <testcase name="should not show the actions area if the editable area was focused and blurred afterwards and the user has the proper permissions" time="0.047" classname="Chrome 31.0 (Windows).caret service actions area"/>
    <testcase name="should have the editable area wrapper" time="0.063" classname="Chrome 31.0 (Windows).caret service editable area"/>
    <testcase name="should have the contenteditable element" time="0.046" classname="Chrome 31.0 (Windows).caret service editable area"/>
    <testcase name="should set the &quot;editability&quot; of the contenteditable element to false by default" time="0.032" classname="Chrome 31.0 (Windows).caret service &quot;editability&quot; of the component"/>
    <testcase name="should set the &quot;editability&quot; of the contenteditable element to true if the user is logged as admin" time="0.062" classname="Chrome 31.0 (Windows).caret service &quot;editability&quot; of the component"/>
    <testcase name="should set the &quot;editability&quot; of the contenteditable element to false if the user is logged as non creator" time="0.031" classname="Chrome 31.0 (Windows).caret service &quot;editability&quot; of the component"/>
    <testcase name="should set the &quot;editability&quot; of the contenteditable element to false if the user is logged as admin but the component is set as readonly" time="0.079" classname="Chrome 31.0 (Windows).caret service &quot;editability&quot; of the component"/>
    <testcase name="should set the &quot;editability&quot; of the contenteditable element to false if the user is logged as admin but the component is set as disabled" time="0.015" classname="Chrome 31.0 (Windows).caret service &quot;editability&quot; of the component"/>
    <testcase name="should set the proper content to the component" time="0.047" classname="Chrome 31.0 (Windows).caret service content of the component"/>
    <testcase name="should define a placeholder element" time="0.047" classname="Chrome 31.0 (Windows).caret service placeholder"/>
    <testcase name="should not show the placeholder element by default" time="0.047" classname="Chrome 31.0 (Windows).caret service placeholder"/>
    <testcase name="should not show the placeholder element if it&apos;s defined but the content is not empty" time="0.047" classname="Chrome 31.0 (Windows).caret service placeholder"/>
    <testcase name="should show the placeholder element if it&apos;s defined and the content is empty" time="0.047" classname="Chrome 31.0 (Windows).caret service placeholder"/>
    <testcase name="should set the proper value to the placeholder" time="0.031" classname="Chrome 31.0 (Windows).caret service placeholder"/>
    <testcase name="should have the &quot;type&quot; attribute set to &quot;text" time="0.015" classname="Chrome 31.0 (Windows).date directive main DOM structure"/>
    <testcase name="should have the &quot;ui-date&quot; attribute set to &quot;dateOptions" time="0" classname="Chrome 31.0 (Windows).date directive main DOM structure"/>
    <testcase name="should have the &quot;ui-date-format&quot; attribute set to &quot;yy-mm-dd" time="0.016" classname="Chrome 31.0 (Windows).date directive main DOM structure"/>
    <testcase name="should have the form tag" time="0.016" classname="Chrome 31.0 (Windows).fileuploader directive root element"/>
    <testcase name="should have the proper enctype attribute" time="0" classname="Chrome 31.0 (Windows).fileuploader directive root element"/>
    <testcase name="should set the submit method to POST" time="0.015" classname="Chrome 31.0 (Windows).fileuploader directive root element"/>
    <testcase name="should set the &apos;fileUploader&apos; style class" time="0" classname="Chrome 31.0 (Windows).fileuploader directive root element"/>
    <testcase name="should point to a default endpoint if it&apos;s not specified" time="0.032" classname="Chrome 31.0 (Windows).fileuploader directive root element"/>
    <testcase name="should point to a specific endpoint if it&apos;s specified" time="0.015" classname="Chrome 31.0 (Windows).fileuploader directive root element"/>
    <testcase name="should wrap a single input file" time="0" classname="Chrome 31.0 (Windows).fileuploader directive input file"/>
    <testcase name="should have the proper ng-model attribute" time="0.016" classname="Chrome 31.0 (Windows).fileuploader directive input file"/>
    <testcase name="should have the proper ux-change attribute" time="0.015" classname="Chrome 31.0 (Windows).fileuploader directive input file"/>
    <testcase name="should have the proper name attribute" time="0" classname="Chrome 31.0 (Windows).fileuploader directive input file"/>
    <testcase name="should not have the multiple files tag if it&apos;s not defined" time="0.016" classname="Chrome 31.0 (Windows).fileuploader directive input file"/>
    <testcase name="should have the multiple files tag if it&apos;s defined" time="0" classname="Chrome 31.0 (Windows).fileuploader directive input file"/>
    <testcase name="should have the globalMsg Id" time="0.016" classname="Chrome 31.0 (Windows).globalMsg directive"/>
    <testcase name="should not have the active class by default" time="0" classname="Chrome 31.0 (Windows).globalMsg directive"/>
    <testcase name="should have the active class whenever the show service is invoked" time="0.015" classname="Chrome 31.0 (Windows).globalMsg directive"/>
    <testcase name="should have the proper title" time="0.016" classname="Chrome 31.0 (Windows).globalMsg directive"/>
    <testcase name="should have the proper details" time="0" classname="Chrome 31.0 (Windows).globalMsg directive"/>
    <testcase name="should not show the details by default" time="0" classname="Chrome 31.0 (Windows).globalMsg directive"/>
    <testcase name="should show the details once the details link is clicked" time="0.016" classname="Chrome 31.0 (Windows).globalMsg directive"/>
    <testcase name="should hide the details once the details link is clicked twice" time="0" classname="Chrome 31.0 (Windows).globalMsg directive"/>
    <testcase name="should publish the proper i18n label" time="0" classname="Chrome 31.0 (Windows).i18n directive"/>
    <testcase name="should publish the original label" time="0.015" classname="Chrome 31.0 (Windows).i18nDb directive if there isn&apos;t i18n info present"/>
    <testcase name="should publish the default i18n label" time="0.016" classname="Chrome 31.0 (Windows).i18nDb directive if there&apos;s i18n info present just in the default language"/>
    <testcase name="should publish the translated i18n label after language change" time="0.047" classname="Chrome 31.0 (Windows).i18nDb directive if there&apos;s i18n info present just in the default language"/>
    <testcase name="should publish the proper i18n label after language change" time="0.047" classname="Chrome 31.0 (Windows).i18nDb directive if there&apos;s i18n info present in all languages"/>
    <testcase name="should publish the original value, already with the proper i18n format" time="0.078" classname="Chrome 31.0 (Windows).i18nDbInput directive if there isn&apos;t i18n info present"/>
    <testcase name="should publish the original value, already with the proper i18n format, once a language change happens" time="0.047" classname="Chrome 31.0 (Windows).i18nDbInput directive if there isn&apos;t i18n info present"/>
    <testcase name="should publish the original value, already with the proper i18n format" time="0.046" classname="Chrome 31.0 (Windows).i18nDbInput directive if there&apos;s i18n info present in just the default language"/>
    <testcase name="should publish the original value, already with the proper i18n format, once a language change happens" time="0.047" classname="Chrome 31.0 (Windows).i18nDbInput directive if there&apos;s i18n info present in just the default language"/>
    <testcase name="should publish the original value, already with the proper i18n format" time="0.078" classname="Chrome 31.0 (Windows).i18nDbInput directive if there&apos;s i18n info present in different languages"/>
    <testcase name="should publish the translated value, already with the proper i18n format, once a language change happens" time="0.047" classname="Chrome 31.0 (Windows).i18nDbInput directive if there&apos;s i18n info present in different languages"/>
    <testcase name="should not block the edit capabilities in languages where there&apos;s available content" time="0.047" classname="Chrome 31.0 (Windows).i18nDbInput directive if there&apos;s i18n info present in different languages"/>
    <testcase name="should not show the &apos;no items&apos; block if there&apos;re available content to show" time="0.11" classname="Chrome 31.0 (Windows).app directive items size"/>
    <testcase name="should add to the DOM the proper amount of items" time="0.078" classname="Chrome 31.0 (Windows).app directive items size"/>
    <testcase name="should show the search area by default" time="0.093" classname="Chrome 31.0 (Windows).app directive search"/>
    <testcase name="should show the search area if it has been explicitly marked as visible" time="0.079" classname="Chrome 31.0 (Windows).app directive search"/>
    <testcase name="should not show the search area if it has been explicitly marked as invisible" time="0.062" classname="Chrome 31.0 (Windows).app directive search"/>
    <testcase name="should show the actions area on top by default" time="0.094" classname="Chrome 31.0 (Windows).app directive actions position top"/>
    <testcase name="should show the actions area on top if it has been explicitly defined (top)" time="0.078" classname="Chrome 31.0 (Windows).app directive actions position top"/>
    <testcase name="should show the actions area on top if it has been explicitly defined (top and bottom)" time="0.078" classname="Chrome 31.0 (Windows).app directive actions position top"/>
    <testcase name="should not show the actions area on top if it has been explicitly defined (bottom)" time="0.156" classname="Chrome 31.0 (Windows).app directive actions position top"/>
    <testcase name="should show the actions area on bottom by default" time="0.063" classname="Chrome 31.0 (Windows).app directive actions position bottom"/>
    <testcase name="should show the actions area on bottom if it has been explicitly defined (bottom)" time="0.062" classname="Chrome 31.0 (Windows).app directive actions position bottom"/>
    <testcase name="should show the actions area on bottom if it has been explicitly defined (top and bottom)" time="0.094" classname="Chrome 31.0 (Windows).app directive actions position bottom"/>
    <testcase name="should not show the actions area on top if it has been explicitly defined (top)" time="0.094" classname="Chrome 31.0 (Windows).app directive actions position bottom"/>
    <testcase name="should not show the checkbox selector by default" time="0.062" classname="Chrome 31.0 (Windows).app directive item selection"/>
    <testcase name="should not show the checkbox selector if selection mode is set to single" time="0.094" classname="Chrome 31.0 (Windows).app directive item selection"/>
    <testcase name="should not show the checkbox selector if selection mode is set to multiplebut the user doesn&apos;t have the proper privileges" time="0.094" classname="Chrome 31.0 (Windows).app directive item selection"/>
    <testcase name="should not show the checkbox selector if selection mode is set to multipleand the user has the proper privileges" time="0.094" classname="Chrome 31.0 (Windows).app directive item selection"/>
    <testcase name="should not show the item remove button by default" time="0.078" classname="Chrome 31.0 (Windows).app directive item deletion"/>
    <testcase name="should not show the item remove button if the deletable flag is set to false" time="0.109" classname="Chrome 31.0 (Windows).app directive item deletion"/>
    <testcase name="should not show the item remove button if the deletable flag is set to truebut the user doesn&apos;t have the proper privileges" time="0.078" classname="Chrome 31.0 (Windows).app directive item deletion"/>
    <testcase name="should show the item remove button if the deletable flag is set to trueand the user has the proper privileges" time="0.094" classname="Chrome 31.0 (Windows).app directive item deletion"/>
    <testcase name="should add the transcluded content defined in the template" time="0.125" classname="Chrome 31.0 (Windows).app directive content transclussion"/>
    <testcase name="should not show the detailId area by default" time="0.062" classname="Chrome 31.0 (Windows).app directive detailId area"/>
    <testcase name="should not show the onSelect actions block by default (no items are selected" time="0.11" classname="Chrome 31.0 (Windows).app directive on select actions"/>
    <testcase name="should add a select items button" time="0.094" classname="Chrome 31.0 (Windows).app directive on select actions select items button"/>
    <testcase name="should add a label to the select items button" time="0.078" classname="Chrome 31.0 (Windows).app directive on select actions select items button"/>
    <testcase name="should set the proper i18n tag to the label that is inside of the select items button" time="0.078" classname="Chrome 31.0 (Windows).app directive on select actions select items button"/>
    <testcase name="should add a delete items button" time="0.109" classname="Chrome 31.0 (Windows).app directive on select actions delete items button"/>
    <testcase name="should not show the delete items button by default (no items are selected)" time="0.375" classname="Chrome 31.0 (Windows).app directive on select actions delete items button"/>
    <testcase name="should add a label to the delete items button" time="0.094" classname="Chrome 31.0 (Windows).app directive on select actions delete items button"/>
    <testcase name="should set the proper i18n tag to the label that is inside of the delete items button" time="0.109" classname="Chrome 31.0 (Windows).app directive on select actions delete items button"/>
    <testcase name="should not show the create actions block by default" time="0.094" classname="Chrome 31.0 (Windows).app directive create actions"/>
    <testcase name="should add a create item button" time="0.109" classname="Chrome 31.0 (Windows).app directive create actions"/>
    <testcase name="should set the proper i18n tag to the label that is inside of the create item button" time="0.078" classname="Chrome 31.0 (Windows).app directive create actions"/>
    <testcase name="should not show the get page actions block by default" time="0.172" classname="Chrome 31.0 (Windows).app directive get page actions"/>
    <testcase name="should add a get prev page of items button" time="0.188" classname="Chrome 31.0 (Windows).app directive get page actions"/>
    <testcase name="should add a get next page of items button" time="0.078" classname="Chrome 31.0 (Windows).app directive get page actions"/>
    <testcase name="should set the proper i18n tag to the label that is inside of the selected items block" time="0.078" classname="Chrome 31.0 (Windows).app directive selected items actions"/>
    <testcase name="should have the specific class on the root element" time="0.015" classname="Chrome 31.0 (Windows).mediaPicker directive DOM structure"/>
    <testcase name="should have a media selection button" time="0.063" classname="Chrome 31.0 (Windows).mediaPicker directive DOM structure"/>
    <testcase name="should have a image container" time="0.047" classname="Chrome 31.0 (Windows).mediaPicker directive DOM structure"/>
    <testcase name="should have a remove selected media button" time="0.047" classname="Chrome 31.0 (Windows).mediaPicker directive DOM structure"/>
    <testcase name="should not have any src attribute if no default image is set" time="0.047" classname="Chrome 31.0 (Windows).mediaPicker directive Image url"/>
    <testcase name="should have a default src attribute if the specific media is not provided but the default one is" time="0.031" classname="Chrome 31.0 (Windows).mediaPicker directive Image url"/>
    <testcase name="should have a specific src attribute if the specific media is provided - default not defined" time="0.109" classname="Chrome 31.0 (Windows).mediaPicker directive Image url"/>
    <testcase name="should have a specific src attribute if the specific media is provided - default defined" time="0.047" classname="Chrome 31.0 (Windows).mediaPicker directive Image url"/>
    <testcase name="should not show the image preview if it has not been explicitly defined" time="0.047" classname="Chrome 31.0 (Windows).mediaPicker directive Image preview visibility"/>
    <testcase name="should not show the image preview if it has been explicitly defined as false" time="0.109" classname="Chrome 31.0 (Windows).mediaPicker directive Image preview visibility"/>
    <testcase name="should not show the image preview if it has been explicitly defined as true" time="0.047" classname="Chrome 31.0 (Windows).mediaPicker directive Image preview visibility"/>
    <testcase name="should not show the remove selected media button if there isn&apos;t any selected media" time="0.047" classname="Chrome 31.0 (Windows).mediaPicker directive Remove selected media"/>
    <testcase name="should show the remove selected media button if there is a selected media" time="0.047" classname="Chrome 31.0 (Windows).mediaPicker directive Remove selected media"/>
    <testcase name="should detect the correct amount of items" time="0.109" classname="Chrome 31.0 (Windows).nestedItemsWrapper directive"/>
    <testcase name="should have the link to switch the password change as a direct child of the root element" time="0.047" classname="Chrome 31.0 (Windows).password directive DOM structure"/>
    <testcase name="should have a single password input to set the password as a direct child of the root element" time="0.063" classname="Chrome 31.0 (Windows).password directive DOM structure"/>
    <testcase name="should have the password mandatory validation attribute" time="0.047" classname="Chrome 31.0 (Windows).password directive DOM structure"/>
    <testcase name="should have the ng-model attribute" time="0.062" classname="Chrome 31.0 (Windows).password directive DOM structure"/>
    <testcase name="should not show the click to change stuff (and show the input) if it has not been explicitly defined" time="0.047" classname="Chrome 31.0 (Windows).password directive DOM visibility"/>
    <testcase name="should show the click to change stuff (and hide the input) if it has been explicitly defined" time="0.031" classname="Chrome 31.0 (Windows).password directive DOM visibility"/>
    <testcase name="should show the password change label by default if it has been explicitly defined" time="0.047" classname="Chrome 31.0 (Windows).password directive DOM visibility"/>
    <testcase name="should show the cancel password  changes label if it has been explicitly defined and it&apos;s active" time="0.047" classname="Chrome 31.0 (Windows).password directive DOM visibility changes"/>
    <testcase name="should show the password input if the change has been explicitly defined and it&apos;s active" time="0.062" classname="Chrome 31.0 (Windows).password directive DOM visibility changes"/>
    <testcase name="should revert to the original state if the change has been explicitly defined and it&apos;s not active anymore" time="0.032" classname="Chrome 31.0 (Windows).password directive DOM visibility changes"/>
    <testcase name="should have a wrapping class" time="0.047" classname="Chrome 31.0 (Windows).radio directive"/>
    <testcase name="should have an Id" time="0.031" classname="Chrome 31.0 (Windows).radio directive"/>
    <testcase name="should have the proper stylesheet class" time="0.047" classname="Chrome 31.0 (Windows).radio directive"/>
    <testcase name="should mark as checked the option of the component that is defined in the model" time="0.078" classname="Chrome 31.0 (Windows).radio directive"/>
    <testcase name="should mark as checked the option of the component that has been clicked" time="0.015" classname="Chrome 31.0 (Windows).radio directive"/>
    <testcase name="should display the label just after the radio" time="0.047" classname="Chrome 31.0 (Windows).radio directive"/>
    <testcase name="should wire the label with the input" time="0.047" classname="Chrome 31.0 (Windows).radio directive"/>
    <testcase name="should use ng-show instead of ux-show to avoid problems with the ID of the scope" time="0.047" classname="Chrome 31.0 (Windows).radio directive"/>
    <testcase name="should nest labels avoid problems with the ID of the scope" time="0.047" classname="Chrome 31.0 (Windows).radio directive"/>
    <testcase name="should add a tooltip object to the DOM" time="0.031" classname="Chrome 31.0 (Windows).tooltip directive and service"/>
    <testcase name="should add the static title to the DOM whenever the tooltip is shown" time="0.063" classname="Chrome 31.0 (Windows).tooltip directive and service"/>
    <testcase name="should add the dynamic title to the DOM whenever the tooltip is shown" time="0.062" classname="Chrome 31.0 (Windows).tooltip directive and service"/>
    <testcase name="should add the dynamic title (i18n based) to the DOM whenever the tooltip is shown" time="0.141" classname="Chrome 31.0 (Windows).tooltip directive and service"/>
    <testcase name="should show the confirm action whenever the element is clicked" time="0.359" classname="Chrome 31.0 (Windows).tooltip directive and service"/>
    <testcase name="should generate a &quot;label&quot; element" time="0.031" classname="Chrome 31.0 (Windows).urlToken directive main DOM structure"/>
    <testcase name="should use the same output if the input fits a url pattern - single word" time="0.032" classname="Chrome 31.0 (Windows).urlToken directive text transformations - no i18n data structure"/>
    <testcase name="should use the same output if the input fits a url pattern - multiple word" time="0.047" classname="Chrome 31.0 (Windows).urlToken directive text transformations - no i18n data structure"/>
    <testcase name="should use the a normalized output if the input doesn&apos;t fit a url pattern - spaces" time="0.046" classname="Chrome 31.0 (Windows).urlToken directive text transformations - no i18n data structure"/>
    <testcase name="should use the a normalized output if the input doesn&apos;t fit a url pattern - dashes" time="0.063" classname="Chrome 31.0 (Windows).urlToken directive text transformations - no i18n data structure"/>
    <testcase name="should use the same output if the input fits a url pattern - single word" time="0.078" classname="Chrome 31.0 (Windows).urlToken directive text transformations - i18n data structure"/>
    <testcase name="should use the same output if the input fits a url pattern - multiple word" time="0.094" classname="Chrome 31.0 (Windows).urlToken directive text transformations - i18n data structure"/>
    <testcase name="should use the same output if the input fits a url pattern - multiple word, language change" time="0.047" classname="Chrome 31.0 (Windows).urlToken directive text transformations - i18n data structure"/>
    <testcase name="should use the a normalized output if the input doesn&apos;t fit a url pattern - dashes, language change" time="0.031" classname="Chrome 31.0 (Windows).urlToken directive text transformations - i18n data structure"/>
    <testcase name="should not add any fullscreen style class by default" time="0.109" classname="Chrome 31.0 (Windows).app service enableFullscreen"/>
    <testcase name="should add the real fullscreen style class whenever this is the active mode" time="0.032" classname="Chrome 31.0 (Windows).app service enableFullscreen"/>
    <testcase name="should add the maximized fullscreen style class whenever this is the active mode" time="0.046" classname="Chrome 31.0 (Windows).app service enableFullscreen"/>
    <testcase name="should add the template fullscreen style class whenever this is the active mode" time="0.032" classname="Chrome 31.0 (Windows).app service enableFullscreen"/>
    <testcase name="should remove the real fullscreen style class whenever this is the active mode but is disabled afterwards" time="0.047" classname="Chrome 31.0 (Windows).app service disableFullscreen"/>
    <testcase name="should remove the maximized fullscreen style class whenever this is the active mode but is disabled afterwards" time="0.046" classname="Chrome 31.0 (Windows).app service disableFullscreen"/>
    <testcase name="should remove the template fullscreen style class whenever this is the active mode but is disabled afterwards" time="0.047" classname="Chrome 31.0 (Windows).app service disableFullscreen"/>
    <testcase name="should return false if the fullscreen is not enabled" time="0.063" classname="Chrome 31.0 (Windows).app service isFullscreen"/>
    <testcase name="should return true if the real fullscreen is enabled" time="0.031" classname="Chrome 31.0 (Windows).app service isFullscreen"/>
    <testcase name="should return true if the maximized fullscreen is enabled" time="0.047" classname="Chrome 31.0 (Windows).app service isFullscreen"/>
    <testcase name="should return true if the template fullscreen is enabled" time="0.062" classname="Chrome 31.0 (Windows).app service isFullscreen"/>
    <testcase name="should return the pointer to the root element of an app - direct child" time="0.063" classname="Chrome 31.0 (Windows).app service getAppRootElem"/>
    <testcase name="should return the pointer to the root element of an app - non direct child" time="0.047" classname="Chrome 31.0 (Windows).app service getAppRootElem"/>
    <testcase name="should not return the pointer to the root element of an app - element dont&apos;t exist" time="0.047" classname="Chrome 31.0 (Windows).app service getAppRootElem"/>
    <testcase name="[should detect an empty array as valid" time="0" classname="Chrome 31.0 (Windows).arrayService isArray"/>
    <testcase name="should detect a string array as valid" time="0.015" classname="Chrome 31.0 (Windows).arrayService isArray"/>
    <testcase name="should detect an object array as valid" time="0" classname="Chrome 31.0 (Windows).arrayService isArray"/>
    <testcase name="should detect an invalid object array (string) as invalid" time="0" classname="Chrome 31.0 (Windows).arrayService isArray"/>
    <testcase name="should detect an invalid object array (object) as invalid" time="0" classname="Chrome 31.0 (Windows).arrayService isArray"/>
    <testcase name="should add an element to an array - length test" time="0" classname="Chrome 31.0 (Windows).arrayService add"/>
    <testcase name="should add an element to an array - initial position test" time="0" classname="Chrome 31.0 (Windows).arrayService add"/>
    <testcase name="should add an element to an array - middle position test" time="0" classname="Chrome 31.0 (Windows).arrayService add"/>
    <testcase name="should add an element to an array - final position test" time="0.016" classname="Chrome 31.0 (Windows).arrayService add"/>
    <testcase name="should fully copy an array" time="0" classname="Chrome 31.0 (Windows).arrayService copy"/>
    <testcase name="should copy the first part of an array" time="0" classname="Chrome 31.0 (Windows).arrayService copy"/>
    <testcase name="should copy the last part of an array" time="0" classname="Chrome 31.0 (Windows).arrayService copy"/>
    <testcase name="should switch the position of an element of an array" time="0" classname="Chrome 31.0 (Windows).arrayService move"/>
    <testcase name="should remove an element of an array" time="0.031" classname="Chrome 31.0 (Windows).arrayService delete"/>
    <testcase name="should return the proper size of available apps" time="0" classname="Chrome 31.0 (Windows).availableAppsService getAvailableApps"/>
    <testcase name="should return the proper type of available apps" time="0" classname="Chrome 31.0 (Windows).availableAppsService getAvailableApps"/>
    <testcase name="should register the first app attached to a category" time="0" classname="Chrome 31.0 (Windows).availableAppsService app categorization"/>
    <testcase name="should get the proper category list" time="0" classname="Chrome 31.0 (Windows).availableAppsService getCategories"/>
    <testcase name="should have an img root element" time="0.016" classname="Chrome 31.0 (Windows).bannerItem directive getTemplate"/>
    <testcase name="should have the ng-src directive in the root element" time="0.015" classname="Chrome 31.0 (Windows).bannerItem directive getTemplate"/>
    <testcase name="should get the default value" time="0.016" classname="Chrome 31.0 (Windows).bannerItem directive getDefaultValue"/>
    <testcase name="should have the proper amount of panels" time="0.016" classname="Chrome 31.0 (Windows).bannerItem directive getEditPanels"/>
    <testcase name="should have the proper title attribute in the edit image layer" time="0.015" classname="Chrome 31.0 (Windows).bannerItem directive getEditPanels"/>
    <testcase name="should have the proper type attribute in the edit image layer" time="0.016" classname="Chrome 31.0 (Windows).bannerItem directive getEditPanels"/>
    <testcase name="should not have the appBridge attribute in the edit image layer" time="0.016" classname="Chrome 31.0 (Windows).bannerItem directive getEditPanels"/>
    <testcase name="should have the proper config attribute in the edit image layer" time="0.015" classname="Chrome 31.0 (Windows).bannerItem directive getEditPanels"/>
    <testcase name="should have the proper onLayer attribute in the edit image layer" time="0.016" classname="Chrome 31.0 (Windows).bannerItem directive getEditPanels"/>
    <testcase name="should set the width of the given element to 100% (the same as the model says)" time="0.015" classname="Chrome 31.0 (Windows).bannerItem directive onResizeItem"/>
    <testcase name="should get the default grid size" time="0.047" classname="Chrome 31.0 (Windows).bannerItem directive getGridSize"/>
    <testcase name="should get the text service" time="0.032" classname="Chrome 31.0 (Windows).bannerItem directive getTypeService"/>
    <testcase name="should get the image service" time="0.187" classname="Chrome 31.0 (Windows).bannerItem directive getTypeService"/>
    <testcase name="should update the width of the DOM element" time="0.141" classname="Chrome 31.0 (Windows).bannerItem directive setDomCoordinatesFromModel"/>
    <testcase name="should update the height of the DOM element" time="0.328" classname="Chrome 31.0 (Windows).bannerItem directive setDomCoordinatesFromModel"/>
    <testcase name="should update the top position of the DOM element" time="0.047" classname="Chrome 31.0 (Windows).bannerItem directive setDomCoordinatesFromModel"/>
    <testcase name="should update the left position of the DOM element" time="0.047" classname="Chrome 31.0 (Windows).bannerItem directive setDomCoordinatesFromModel"/>
    <testcase name="should update the width of the model element" time="0.046" classname="Chrome 31.0 (Windows).bannerItem directive setModelCoordinatesFromDom"/>
    <testcase name="should update the height of the model element" time="0.047" classname="Chrome 31.0 (Windows).bannerItem directive setModelCoordinatesFromDom"/>
    <testcase name="should update the top position of the model element" time="0.063" classname="Chrome 31.0 (Windows).bannerItem directive setModelCoordinatesFromDom"/>
    <testcase name="should update the left position of the model element" time="0.078" classname="Chrome 31.0 (Windows).bannerItem directive setModelCoordinatesFromDom"/>
    <testcase name="should update the width of the DOM and the model element" time="0.047" classname="Chrome 31.0 (Windows).bannerItem directive refresh"/>
    <testcase name="should update the height of the DOM and the model element" time="0.047" classname="Chrome 31.0 (Windows).bannerItem directive refresh"/>
    <testcase name="should update the top position of the DOM and the model element" time="0.047" classname="Chrome 31.0 (Windows).bannerItem directive refresh"/>
    <testcase name="should update the left position of the DOM and the model element" time="0.062" classname="Chrome 31.0 (Windows).bannerItem directive refresh"/>
    <testcase name="should execute the given callback function" time="0.438" classname="Chrome 31.0 (Windows).bannerItem directive propagateChanges"/>
    <testcase name="should have a div root element" time="0.078" classname="Chrome 31.0 (Windows).bannerItem directive getTemplate"/>
    <testcase name="should have a label element as the child of the root one" time="0.047" classname="Chrome 31.0 (Windows).bannerItem directive getTemplate"/>
    <testcase name="should have a i18n setup in the label element of the child of the root one" time="0.046" classname="Chrome 31.0 (Windows).bannerItem directive getTemplate"/>
    <testcase name="should get the default value" time="0.047" classname="Chrome 31.0 (Windows).bannerItem directive getDefaultValue"/>
    <testcase name="should have the proper amount of panels" time="0.047" classname="Chrome 31.0 (Windows).bannerItem directive getEditPanels"/>
    <testcase name="should have the proper title attribute in the edit text layer" time="0.063" classname="Chrome 31.0 (Windows).bannerItem directive getEditPanels"/>
    <testcase name="should have the appBridge attribute in the edit text layer" time="0.047" classname="Chrome 31.0 (Windows).bannerItem directive getEditPanels"/>
    <testcase name="should have the proper src attribute in the edit text layer" time="0.046" classname="Chrome 31.0 (Windows).bannerItem directive getEditPanels"/>
    <testcase name="should have the proper view attribute in the edit text layer" time="0.063" classname="Chrome 31.0 (Windows).bannerItem directive getEditPanels"/>
    <testcase name="should have the proper binding attribute in the edit text layer" time="0.047" classname="Chrome 31.0 (Windows).bannerItem directive getEditPanels"/>
    <testcase name="should have the proper onLayer attribute in the edit text layer" time="0.047" classname="Chrome 31.0 (Windows).bannerItem directive getEditPanels"/>
    <testcase name="should have call the change event whenever the content changes" time="0.062" classname="Chrome 31.0 (Windows).bannerItem directive editText"/>
    <testcase name="should add two sibling cols (prev and next) to a given one" time="0" classname="Chrome 31.0 (Windows).colService addEmptyCols"/>
    <testcase name="should delete a given column and its two sibling cols (prev and next)" time="0.016" classname="Chrome 31.0 (Windows).colService deleteColAndDependencies"/>
    <testcase name="should get the affected col of a given one" time="0" classname="Chrome 31.0 (Windows).colService getAffectedCol"/>
    <testcase name="should get the proper structure of an empty col" time="0" classname="Chrome 31.0 (Windows).colService getEmptyCol"/>
    <testcase name="[should return a formatted date" time="0" classname="Chrome 31.0 (Windows).dateService getFormattedDate"/>
    <testcase name="should generate an insensitive selector based on a regular expression" time="0.015" classname="Chrome 31.0 (Windows).dbService getInsensitiveSelector"/>
    <testcase name="should generate an inexact selector based on a regular expression" time="0" classname="Chrome 31.0 (Windows).dbService getInexactSelector"/>
    <testcase name="should get [0, 0] as the default coordinates (position and size)" time="0.063" classname="Chrome 31.0 (Windows).dom service getCoordinates"/>
    <testcase name="should get the custom coordinates if they&apos;re defined (position and size)" time="0" classname="Chrome 31.0 (Windows).dom service getCoordinates"/>
    <testcase name="should get 0 as the default padding" time="0.016" classname="Chrome 31.0 (Windows).dom service getObjPadding"/>
    <testcase name="should get the custom padding if it&apos;s defined" time="0" classname="Chrome 31.0 (Windows).dom service getObjPadding"/>
    <testcase name="should get 0 as the default border width" time="0" classname="Chrome 31.0 (Windows).dom service getObjBorderWidth"/>
    <testcase name="should get the custom padding if it&apos;s defined" time="0.015" classname="Chrome 31.0 (Windows).dom service getObjBorderWidth"/>
    <testcase name="should detect element types" time="0" classname="Chrome 31.0 (Windows).dom service getElementType"/>
    <testcase name="should get 0 as the default dom percent width" time="0.016" classname="Chrome 31.0 (Windows).dom service getDomPercent"/>
    <testcase name="should detect element types" time="0" classname="Chrome 31.0 (Windows).dom service getDomPercent"/>
    <testcase name="should not have the loading styleclass by default" time="0" classname="Chrome 31.0 (Windows).dom service addLoadingFeedback"/>
    <testcase name="should have the loading styleclass once it has been added" time="0.015" classname="Chrome 31.0 (Windows).dom service addLoadingFeedback"/>
    <testcase name="should not have the loading styleclass once it has been remove" time="0" classname="Chrome 31.0 (Windows).dom service removeLoadingFeedback"/>
    <testcase name="should convert a given DOM object into a string" time="0.016" classname="Chrome 31.0 (Windows).dom service convertDomObjToStr"/>
    <testcase name="should validate email formats" time="0" classname="Chrome 31.0 (Windows).emailService validateEmail"/>
    <testcase name="should get the corresponding i18n property (no i18n structure)" time="0.031" classname="Chrome 31.0 (Windows).i18nDbService getI18nProperty"/>
    <testcase name="should get the corresponding i18n property (i18n structure present for all languages)" time="0.047" classname="Chrome 31.0 (Windows).i18nDbService getI18nProperty"/>
    <testcase name="should get the corresponding i18n property (i18n structure present just for the default language)" time="0.047" classname="Chrome 31.0 (Windows).i18nDbService getI18nProperty"/>
    <testcase name="should detect that an object doesn&apos;t have i18n structure" time="0.047" classname="Chrome 31.0 (Windows).i18nDbService hasI18nStructure"/>
    <testcase name="should detect that an object has i18n structure in the default language" time="0.094" classname="Chrome 31.0 (Windows).i18nDbService hasI18nStructure"/>
    <testcase name="should detect that an object doesn&apos;t have i18n structure in a non default language" time="0.031" classname="Chrome 31.0 (Windows).i18nDbService hasI18nStructure"/>
    <testcase name="should detect that an object has i18n structure in a non default language" time="0.047" classname="Chrome 31.0 (Windows).i18nDbService hasI18nStructure"/>
    <testcase name="should initialize in the default language the i18n structure of a non i18n related string" time="0.047" classname="Chrome 31.0 (Windows).i18nDbService setInitI18nStructure"/>
    <testcase name="should initialize in the default language the i18n structure of a non i18n related string even changing the language" time="0.047" classname="Chrome 31.0 (Windows).i18nDbService setInitI18nStructure"/>
    <testcase name="should retrieve languages with the proper structure" time="0.046" classname="Chrome 31.0 (Windows).i18nService getLanguages"/>
    <testcase name="should detect the language change" time="0.063" classname="Chrome 31.0 (Windows).i18nService language detection"/>
    <testcase name="should set a page title based on the provided token" time="0.078" classname="Chrome 31.0 (Windows).metaService Page title"/>
    <testcase name="should detect the default favicon url" time="0.047" classname="Chrome 31.0 (Windows).metaService Favicon"/>
    <testcase name="should get the proper window dimensions" time="0.047" classname="Chrome 31.0 (Windows).metaService Window dimensions"/>
    <testcase name="should detect valid objects as objects" time="0" classname="Chrome 31.0 (Windows).objectService isObject"/>
    <testcase name="should detect invalid objects as non objects" time="0" classname="Chrome 31.0 (Windows).objectService isObject"/>
    <testcase name="should identify an empty string (&apos;&apos;)" time="0" classname="Chrome 31.0 (Windows).objectService isEmpty"/>
    <testcase name="should identify an empty string (null)" time="0" classname="Chrome 31.0 (Windows).objectService isEmpty"/>
    <testcase name="should identify an empty string (undefined)" time="0.015" classname="Chrome 31.0 (Windows).objectService isEmpty"/>
    <testcase name="should identify an empty string (non empty)" time="0" classname="Chrome 31.0 (Windows).objectService isEmpty"/>
    <testcase name="should get the proper amount of root level keys of a given object" time="0" classname="Chrome 31.0 (Windows).objectService getRootKeys"/>
    <testcase name="should get the root level keys of a given object" time="0" classname="Chrome 31.0 (Windows).objectService getRootKeys"/>
    <testcase name="should detect the real fullscreen mode" time="0.032" classname="Chrome 31.0 (Windows).portalService Fullscreen"/>
    <testcase name="should detect the maximized fullscreen mode" time="0.047" classname="Chrome 31.0 (Windows).portalService Fullscreen"/>
    <testcase name="should detect the template fullscreen mode" time="0.031" classname="Chrome 31.0 (Windows).portalService Fullscreen"/>
    <testcase name="should set the proper config object" time="0.015" classname="Chrome 31.0 (Windows).dbService view"/>
    <testcase name="should set the proper template" time="0" classname="Chrome 31.0 (Windows).dbService view"/>
    <testcase name="should set the proper edit panel length" time="0" classname="Chrome 31.0 (Windows).dbService view edit panel"/>
    <testcase name="should set the proper edit panel data" time="0" classname="Chrome 31.0 (Windows).dbService view edit panel"/>
    <testcase name="should set the proper create panel length" time="0" classname="Chrome 31.0 (Windows).dbService view create panel"/>
    <testcase name="should set the proper edit panel data" time="0.016" classname="Chrome 31.0 (Windows).dbService view create panel"/>
    <testcase name="should initialize the typedName variable" time="0" classname="Chrome 31.0 (Windows).dbService editDb"/>
    <testcase name="should return the proper role karma" time="0.031" classname="Chrome 31.0 (Windows).roleService getRoles"/>
    <testcase name="should return the proper role codes" time="0.047" classname="Chrome 31.0 (Windows).roleService getRoles"/>
    <testcase name="should return the guest role" time="0.047" classname="Chrome 31.0 (Windows).roleService getRole"/>
    <testcase name="should return the reader role" time="0.047" classname="Chrome 31.0 (Windows).roleService getRole"/>
    <testcase name="should return the creator role" time="0.047" classname="Chrome 31.0 (Windows).roleService getRole"/>
    <testcase name="should return the admin role" time="0.047" classname="Chrome 31.0 (Windows).roleService getRole"/>
    <testcase name="should return the super admin role" time="0.031" classname="Chrome 31.0 (Windows).roleService getRole"/>
    <testcase name="should determine that non logged users doesn&apos;t have the guest role" time="0.047" classname="Chrome 31.0 (Windows).roleService hasGuestRole"/>
    <testcase name="should determine that users without role have the guest role" time="0.047" classname="Chrome 31.0 (Windows).roleService hasGuestRole"/>
    <testcase name="should determine that guest users have the guest role" time="0.062" classname="Chrome 31.0 (Windows).roleService hasGuestRole"/>
    <testcase name="should determine that reader users have the guest role" time="0.047" classname="Chrome 31.0 (Windows).roleService hasGuestRole"/>
    <testcase name="should determine that creator users have the guest role" time="0.031" classname="Chrome 31.0 (Windows).roleService hasGuestRole"/>
    <testcase name="should determine that admin users have the guest role" time="0.047" classname="Chrome 31.0 (Windows).roleService hasGuestRole"/>
    <testcase name="should determine that super admin users have the guest role" time="0.047" classname="Chrome 31.0 (Windows).roleService hasGuestRole"/>
    <testcase name="should determine that non logged users doesn&apos;t have the reader role" time="0.047" classname="Chrome 31.0 (Windows).roleService hasReaderRole"/>
    <testcase name="should determine that users without role doesn&apos;t have the reader role" time="0.047" classname="Chrome 31.0 (Windows).roleService hasReaderRole"/>
    <testcase name="should determine that guest users doesn&apos;t have the reader role" time="0.062" classname="Chrome 31.0 (Windows).roleService hasReaderRole"/>
    <testcase name="should determine that reader users have the reader role" time="0.047" classname="Chrome 31.0 (Windows).roleService hasReaderRole"/>
    <testcase name="should determine that creator users have the reader role" time="0.047" classname="Chrome 31.0 (Windows).roleService hasReaderRole"/>
    <testcase name="should determine that admin users have the reader role" time="0.031" classname="Chrome 31.0 (Windows).roleService hasReaderRole"/>
    <testcase name="should determine that super admin users have the reader role" time="0.031" classname="Chrome 31.0 (Windows).roleService hasReaderRole"/>
    <testcase name="should determine that non logged users doesn&apos;t have the creator role" time="0.047" classname="Chrome 31.0 (Windows).roleService hasCreatorRole"/>
    <testcase name="should determine that users without role have the creator role" time="0.078" classname="Chrome 31.0 (Windows).roleService hasCreatorRole"/>
    <testcase name="should determine that guest users doesn&apos;t have the creator role" time="0.031" classname="Chrome 31.0 (Windows).roleService hasCreatorRole"/>
    <testcase name="should determine that reader users doesn&apos;t have the creator role" time="0.047" classname="Chrome 31.0 (Windows).roleService hasCreatorRole"/>
    <testcase name="should determine that creator users have the creator role" time="0.047" classname="Chrome 31.0 (Windows).roleService hasCreatorRole"/>
    <testcase name="should determine that admin users have the creator role" time="0.047" classname="Chrome 31.0 (Windows).roleService hasCreatorRole"/>
    <testcase name="should determine that super admin users have the creator role" time="0.047" classname="Chrome 31.0 (Windows).roleService hasCreatorRole"/>
    <testcase name="should determine that non logged users doesn&apos;t have the admin role" time="0.047" classname="Chrome 31.0 (Windows).roleService hasAdminRole"/>
    <testcase name="should determine that users without role have the admin role" time="0.031" classname="Chrome 31.0 (Windows).roleService hasAdminRole"/>
    <testcase name="should determine that guest users doesn&apos;t have the admin role" time="0.047" classname="Chrome 31.0 (Windows).roleService hasAdminRole"/>
    <testcase name="should determine that reader users have the admin role" time="0.047" classname="Chrome 31.0 (Windows).roleService hasAdminRole"/>
    <testcase name="should determine that creator users doesn&apos;t have the admin role" time="0.094" classname="Chrome 31.0 (Windows).roleService hasAdminRole"/>
    <testcase name="should determine that admin users have the admin role" time="0.046" classname="Chrome 31.0 (Windows).roleService hasAdminRole"/>
    <testcase name="should determine that super admin users have the admin role" time="0.032" classname="Chrome 31.0 (Windows).roleService hasAdminRole"/>
    <testcase name="should determine that non logged users doesn&apos;t have the super admin role" time="0.047" classname="Chrome 31.0 (Windows).roleService hasSuperAdminRole"/>
    <testcase name="should determine that users without role have the super admin role" time="0.046" classname="Chrome 31.0 (Windows).roleService hasSuperAdminRole"/>
    <testcase name="should determine that guest users doesn&apos;t have the super admin role" time="0.047" classname="Chrome 31.0 (Windows).roleService hasSuperAdminRole"/>
    <testcase name="should determine that reader users have the super admin role" time="0.047" classname="Chrome 31.0 (Windows).roleService hasSuperAdminRole"/>
    <testcase name="should determine that creator users doesn&apos;t have the super admin role" time="0.047" classname="Chrome 31.0 (Windows).roleService hasSuperAdminRole"/>
    <testcase name="should determine that admin users doesn&apos;t have the super admin role" time="0.047" classname="Chrome 31.0 (Windows).roleService hasSuperAdminRole"/>
    <testcase name="should determine that super admin users have the super admin role" time="0" classname="Chrome 31.0 (Windows).roleService hasSuperAdminRole"/>
    <testcase name="should not retrieve any admin related class if the user doesn&apos;t have admin role" time="0.016" classname="Chrome 31.0 (Windows).roleService getCurrentUserAdminAccessStyleClass"/>
    <testcase name="should retrieve an admin related class if the user has admin role" time="0.062" classname="Chrome 31.0 (Windows).roleService getCurrentUserAdminAccessStyleClass"/>
    <testcase name="should mark an empty original row as empty, if case" time="0" classname="Chrome 31.0 (Windows).rowService isOriginalRowEmpty"/>
    <testcase name="should mark an empty drop row as empty, if case" time="0" classname="Chrome 31.0 (Windows).rowService isDropRowEmpty"/>
    <testcase name="should add a new row and dependencies" time="0" classname="Chrome 31.0 (Windows).rowService addRowAndDependencies"/>
    <testcase name="should add a new row and dependencies" time="0.016" classname="Chrome 31.0 (Windows).rowService addEmptyRow"/>
    <testcase name="should get the proper format of an empty row" time="0" classname="Chrome 31.0 (Windows).rowService getEmptyRow"/>
    <testcase name="should delete a given row and its dependencies" time="0" classname="Chrome 31.0 (Windows).rowService deleteRowAndDependencies"/>
    <testcase name="Should return the current user session" time="0" classname="Chrome 31.0 (Windows).sessionService getUserSession"/>
    <testcase name="Should add the session object to the given model" time="0.015" classname="Chrome 31.0 (Windows).sessionService addSessionDataToModel"/>
    <testcase name="Should delete the authorId information from the given model" time="0" classname="Chrome 31.0 (Windows).sessionService addSessionDataToModel"/>
    <testcase name="Should recognize the user is logged" time="0.032" classname="Chrome 31.0 (Windows).sessionService isUserLogged"/>
    <testcase name="Should recognize the user is not logged" time="0" classname="Chrome 31.0 (Windows).sessionService isUserLogged"/>
    <testcase name="should replace the first token char" time="0.015" classname="Chrome 31.0 (Windows).stringService replaceToken"/>
    <testcase name="should replace the last token char" time="0" classname="Chrome 31.0 (Windows).stringService replaceToken"/>
    <testcase name="should replace an internal token char" time="0" classname="Chrome 31.0 (Windows).stringService replaceToken"/>
    <testcase name="should replace multiple token chars" time="0" classname="Chrome 31.0 (Windows).stringService replaceToken"/>
    <testcase name="should capitalize the given string" time="0" classname="Chrome 31.0 (Windows).stringService capitalize"/>
    <testcase name="should decapitalize the given string" time="0.016" classname="Chrome 31.0 (Windows).stringService decapitalize"/>
    <testcase name="should convert to snake case the given string" time="0" classname="Chrome 31.0 (Windows).stringService toSnakeCase"/>
    <testcase name="should convert to snake case the given string" time="0" classname="Chrome 31.0 (Windows).stringService toCamelCase"/>
    <testcase name="should trim the given string" time="0" classname="Chrome 31.0 (Windows).stringService trim"/>
    <testcase name="should identify an external url as valid" time="0" classname="Chrome 31.0 (Windows).stringService isExternalUrl"/>
    <testcase name="should identify an internal url as non valid" time="0.015" classname="Chrome 31.0 (Windows).stringService isExternalUrl"/>
    <testcase name="should normalizes the format of a given external url, adding the http:// preffix, if necessary" time="0" classname="Chrome 31.0 (Windows).stringService normalizeExternalUrl"/>
    <testcase name="should detect the proper styles of a given leaf element taking as a reference a given root element - the property is defined at multiple levels" time="0" classname="Chrome 31.0 (Windows).styleService getComputedStyleInRange"/>
    <testcase name="should detect the proper styles of a given leaf element taking as a reference a given root element - the property is defined just at root level" time="0" classname="Chrome 31.0 (Windows).styleService getComputedStyleInRange"/>
    <testcase name="should detect the proper styles of a given leaf element taking as a reference a given root element - the property is defined just at an intermediate level" time="0.016" classname="Chrome 31.0 (Windows).styleService getComputedStyleInRange"/>
    <testcase name="should not detect any kind of styles of a given leaf element taking as a reference a given root element - the property is not defined anywhere" time="0" classname="Chrome 31.0 (Windows).styleService getComputedStyleInRange"/>
    <testcase name="should convert a rgb string into a rgb object - no spaces in the string expression" time="0" classname="Chrome 31.0 (Windows).styleService rgbStrToRgbObj"/>
    <testcase name="should convert a rgb string into a rgb object - spaces in the string expression" time="0" classname="Chrome 31.0 (Windows).styleService rgbStrToRgbObj"/>
    <testcase name="should convert to an hexadecimal value a given RGB object - RGB values set as numbers" time="0.016" classname="Chrome 31.0 (Windows).styleService rgbObjToHexStr"/>
    <system-out><![CDATA[Chrome 31.0 (Windows) ERROR
	Uncaught SyntaxError: Unexpected identifier
	at C:/usr/menzit/server/tests/unit/directives/listActions.spec.js:124
,Chrome 31.0 (Windows) LOG: '<div class="rightActions floatRight getPageActions" ng-show="showPrevPageLink()||showNextPageLink()" style="display: none;">\n        <button class="getPrevPage" ng-click="getPrevPage()" ng-show="showPrevPageLink()" style="display: none;">&lt;</button>\n        <button class="getNextPage" ng-click="getNextPage()" ng-show="showNextPageLink()" style="display: none;">&gt;</button>\n    </div>'
,Chrome 31.0 (Windows) LOG: '<div class="rightActions floatRight getPageActions" ng-show="showPrevPageLink()||showNextPageLink()" style="display: none;">\n        <button class="getPrevPage" ng-click="getPrevPage()" ng-show="showPrevPageLink()" style="display: none;">&lt;</button>\n        <button class="getNextPage" ng-click="getNextPage()" ng-show="showNextPageLink()" style="display: none;">&gt;</button>\n    </div>'
,Chrome 31.0 (Windows) LOG: '<div class="rightActions floatRight getPageActions" ng-show="showPrevPageLink()||showNextPageLink()" style="display: none;">\n        <button class="getPrevPage" ng-click="getPrevPage()" ng-show="showPrevPageLink()" style="display: none;">&lt;</button>\n        <button class="getNextPage" ng-click="getNextPage()" ng-show="showNextPageLink()" style="display: none;">&gt;</button>\n    </div>'
,Chrome 31.0 (Windows) LOG: '<div ng-class="getWrapperClass()" list="roleList" collection="collection" config="config" transcluded-data="transcludedData" template="template" internal-data="internalData" on-edit-panels="onEditPanels" on-create="onCreate($item)" on-delete="onDelete($id)" class="">\n    <div class="searchArea" ng-show="isSearchable() &amp;&amp; !detailId">\n        <label i18n="list.search" class="ng-binding">[list.search]</label>\n        <input type="text" ng-model="searchText" ux-keyup="executeSearch()" class="ng-pristine ng-valid">\n    </div>\n    <div class="top cf" ng-show="isPageActionsTop()" list-actions="" collection="collection">\n    <div class="leftActions floatLeft onSelectActions" ng-show="isMultiSelectable() &amp;&amp; items.length" style="display: none;">\n        <button class="okIcon" ng-click="toggleSelectAll()">\n            <label i18n="list.selectItems" class="ng-binding">[list.selectItems]</label>\n        </button>\n        <button class="removeIcon" ng-click="deleteSelected()" ng-show="selectedIds.length &amp;&amp; isDeletable()" style="display: none;">\n            <label i18n="list.deleteSelected" class="ng-binding">[list.deleteSelected]</label>\n        </button>\n    </div>\n    <div class="leftActions floatLeft createActions" ng-show="isCreatable()" style="display: none;">\n        <button create-item-button="" class="addIcon ng-isolate-scope ng-scope" ng-click="createItem()" collection="collection" on-create="createItem($item)" on-create-panels="onCreatePanels">\n            <label i18n="list.createItem" class="ng-binding">[list.createItem]</label>\n        </button>\n    </div>\n    <div class="rightActions floatRight getPageActions" ng-show="showPrevPageLink()||showNextPageLink()" style="display: none;">\n        <button class="getPrevPage" ng-click="getPrevPage()" ng-show="showPrevPageLink()" style="display: none;">&lt;</button>\n        <button class="getNextPage" ng-click="getNextPage()" ng-show="showNextPageLink()" style="display: none;">&gt;</button>\n    </div>\n    <div class="selectedItems">\n        <label ng-class="{show: selectedIds.length}" class="ng-binding"> <label i18n="list.selectedItems" class="ng-binding">[list.selectedItems]</label></label>\n    </div>\n</div>\n    <div class="noItems" ng-show="items.length == 0" style="display: none;"><i><label i18n="list.noItems" class="ng-binding">[list.noItems]</label></i></div>\n    <!-- ngRepeat: item in items | filter: getFilter() --><div ng-show="items.length &gt; 0" ng-hide="detailId &amp;&amp; detailId!=item._id" id="" ng-repeat="item in items | filter: getFilter()" class="item columns ng-scope large-25 listView" ng-class="getItemStyleClasses(item)" ng-style="setItemHeight()">\n        <div class="selectFromCheckbox" ng-show="isMultiSelectable()" style="display: none;">\n            <div class="white checkContainer ng-pristine ng-valid" checkbox="" ng-model="item.isSelected" ng-click="clickOnItem(item, $index, $event, false)" block-update-model="true"><input tabindex="" type="checkbox" id="checkbox00J"><label for="checkbox00J" ng-show="label" i18n-title="" style="display: none;"><label i18n="" class="ng-binding">[]</label></label></div>\n        </div>\n        <div class="text" ng-click="clickOnItem(item, $index, $event, true)">\n             <div ux-transclude="template" class="ng-isolate-scope ng-scope"><div class="ng-scope">This is the transcluded content</div></div>\n         </div>\n        <button class="remove removeIcon" ng-click="clickOnItem(item, $index, $event, false)" ng-show="isDeletable()" confirm-action="deleteItem(item._id)" style="display: none;">\n            <label i18n="list.deleteItem" class="ng-binding">[list.deleteItem]</label>\n        </button>\n    </div><div ng-show="items.length &gt; 0" ng-hide="detailId &amp;&amp; detailId!=item._id" id="" ng-repeat="item in items | filter: getFilter()" class="item columns ng-scope large-25 listView" ng-class="getItemStyleClasses(item)" ng-style="setItemHeight()">\n        <div class="selectFromCheckbox" ng-show="isMultiSelectable()" style="display: none;">\n            <div class="white checkContainer ng-pristine ng-valid" checkbox="" ng-model="item.isSelected" ng-click="clickOnItem(item, $index, $event, false)" block-update-model="true"><input tabindex="" type="checkbox" id="checkbox00P"><label for="checkbox00P" ng-show="label" i18n-title="" style="display: none;"><label i18n="" class="ng-binding">[]</label></label></div>\n        </div>\n        <div class="text" ng-click="clickOnItem(item, $index, $event, true)">\n             <div ux-transclude="template" class="ng-isolate-scope ng-scope"><div class="ng-scope">This is the transcluded content</div></div>\n         </div>\n        <button class="remove removeIcon" ng-click="clickOnItem(item, $index, $event, false)" ng-show="isDeletable()" confirm-action="deleteItem(item._id)" style="display: none;">\n            <label i18n="list.deleteItem" class="ng-binding">[list.deleteItem]</label>\n        </button>\n    </div><div ng-show="items.length &gt; 0" ng-hide="detailId &amp;&amp; detailId!=item._id" id="" ng-repeat="item in items | filter: getFilter()" class="item columns ng-scope large-25 listView" ng-class="getItemStyleClasses(item)" ng-style="setItemHeight()">\n        <div class="selectFromCheckbox" ng-show="isMultiSelectable()" style="display: none;">\n            <div class="white checkContainer ng-pristine ng-valid" checkbox="" ng-model="item.isSelected" ng-click="clickOnItem(item, $index, $event, false)" block-update-model="true"><input tabindex="" type="checkbox" id="checkbox00V"><label for="checkbox00V" ng-show="label" i18n-title="" style="display: none;"><label i18n="" class="ng-binding">[]</label></label></div>\n        </div>\n        <div class="text" ng-click="clickOnItem(item, $index, $event, true)">\n             <div ux-transclude="template" class="ng-isolate-scope ng-scope"><div class="ng-scope">This is the transcluded content</div></div>\n         </div>\n        <button class="remove removeIcon" ng-click="clickOnItem(item, $index, $event, false)" ng-show="isDeletable()" confirm-action="deleteItem(item._id)" style="display: none;">\n            <label i18n="list.deleteItem" class="ng-binding">[list.deleteItem]</label>\n        </button>\n    </div><div ng-show="items.length &gt; 0" ng-hide="detailId &amp;&amp; detailId!=item._id" id="" ng-repeat="item in items | filter: getFilter()" class="item columns ng-scope large-25 listView" ng-class="getItemStyleClasses(item)" ng-style="setItemHeight()">\n        <div class="selectFromCheckbox" ng-show="isMultiSelectable()" style="display: none;">\n            <div class="white checkContainer ng-pristine ng-valid" checkbox="" ng-model="item.isSelected" ng-click="clickOnItem(item, $index, $event, false)" block-update-model="true"><input tabindex="" type="checkbox" id="checkbox011"><label for="checkbox011" ng-show="label" i18n-title="" style="display: none;"><label i18n="" class="ng-binding">[]</label></label></div>\n        </div>\n        <div class="text" ng-click="clickOnItem(item, $index, $event, true)">\n             <div ux-transclude="template" class="ng-isolate-scope ng-scope"><div class="ng-scope">This is the transcluded content</div></div>\n         </div>\n        <button class="remove removeIcon" ng-click="clickOnItem(item, $index, $event, false)" ng-show="isDeletable()" confirm-action="deleteItem(item._id)" style="display: none;">\n            <label i18n="list.deleteItem" class="ng-binding">[list.deleteItem]</label>\n        </button>\n    </div><div ng-show="items.length &gt; 0" ng-hide="detailId &amp;&amp; detailId!=item._id" id="" ng-repeat="item in items | filter: getFilter()" class="item columns ng-scope large-25 listView" ng-class="getItemStyleClasses(item)" ng-style="setItemHeight()">\n        <div class="selectFromCheckbox" ng-show="isMultiSelectable()" style="display: none;">\n            <div class="white checkContainer ng-pristine ng-valid" checkbox="" ng-model="item.isSelected" ng-click="clickOnItem(item, $index, $event, false)" block-update-model="true"><input tabindex="" type="checkbox" id="checkbox017"><label for="checkbox017" ng-show="label" i18n-title="" style="display: none;"><label i18n="" class="ng-binding">[]</label></label></div>\n        </div>\n        <div class="text" ng-click="clickOnItem(item, $index, $event, true)">\n             <div ux-transclude="template" class="ng-isolate-scope ng-scope"><div class="ng-scope">This is the transcluded content</div></div>\n         </div>\n        <button class="remove removeIcon" ng-click="clickOnItem(item, $index, $event, false)" ng-show="isDeletable()" confirm-action="deleteItem(item._id)" style="display: none;">\n            <label i18n="list.deleteItem" class="ng-binding">[list.deleteItem]</label>\n        </button>\n    </div>\n    <a href="#" class="detailArea floatRight" ng-show="detailId" ng-click="deleteDetailId()" style="display: none;">\n        &lt;&lt; <label i18n="list.goBack" class="ng-binding">[list.goBack]</label>\n    </a>\n    <div class="bottom cf" ng-show="isPageActionsBottom()" list-actions="" collection="collection">\n    <div class="leftActions floatLeft onSelectActions" ng-show="isMultiSelectable() &amp;&amp; items.length" style="display: none;">\n        <button class="okIcon" ng-click="toggleSelectAll()">\n            <label i18n="list.selectItems" class="ng-binding">[list.selectItems]</label>\n        </button>\n        <button class="removeIcon" ng-click="deleteSelected()" ng-show="selectedIds.length &amp;&amp; isDeletable()" style="display: none;">\n            <label i18n="list.deleteSelected" class="ng-binding">[list.deleteSelected]</label>\n        </button>\n    </div>\n    <div class="leftActions floatLeft createActions" ng-show="isCreatable()" style="display: none;">\n        <button create-item-button="" class="addIcon ng-isolate-scope ng-scope" ng-click="createItem()" collection="collection" on-create="createItem($item)" on-create-panels="onCreatePanels">\n            <label i18n="list.createItem" class="ng-binding">[list.createItem]</label>\n        </button>\n    </div>\n    <div class="rightActions floatRight getPageActions" ng-show="showPrevPageLink()||showNextPageLink()" style="display: none;">\n        <button class="getPrevPage" ng-click="getPrevPage()" ng-show="showPrevPageLink()" style="display: none;">&lt;</button>\n        <button class="getNextPage" ng-click="getNextPage()" ng-show="showNextPageLink()" style="display: none;">&gt;</button>\n    </div>\n    <div class="selectedItems">\n        <label ng-class="{show: selectedIds.length}" class="ng-binding"> <label i18n="list.selectedItems" class="ng-binding">[list.selectedItems]</label></label>\n    </div>\n</div>\n</div>'
,Chrome 31.0 (Windows) LOG: '<div ng-show="items.length &gt; 0" ng-hide="detailId &amp;&amp; detailId!=item._id" id="" ng-repeat="item in items | filter: getFilter()" class="item columns ng-scope large-25 listView" ng-class="getItemStyleClasses(item)" ng-style="setItemHeight()">\n        <div class="selectFromCheckbox" ng-show="isMultiSelectable()" style="display: none;">\n            <div class="white checkContainer ng-pristine ng-valid" checkbox="" ng-model="item.isSelected" ng-click="clickOnItem(item, $index, $event, false)" block-update-model="true"><input tabindex="" type="checkbox" id="checkbox00J"><label for="checkbox00J" ng-show="label" i18n-title="" style="display: none;"><label i18n="" class="ng-binding">[]</label></label></div>\n        </div>\n        <div class="text" ng-click="clickOnItem(item, $index, $event, true)">\n             <div ux-transclude="template" class="ng-isolate-scope ng-scope"><div class="ng-scope">This is the transcluded content</div></div>\n         </div>\n        <button class="remove removeIcon" ng-click="clickOnItem(item, $index, $event, false)" ng-show="isDeletable()" confirm-action="deleteItem(item._id)" style="display: none;">\n            <label i18n="list.deleteItem" class="ng-binding">[list.deleteItem]</label>\n        </button>\n    </div><div ng-show="items.length &gt; 0" ng-hide="detailId &amp;&amp; detailId!=item._id" id="" ng-repeat="item in items | filter: getFilter()" class="item columns ng-scope large-25 listView" ng-class="getItemStyleClasses(item)" ng-style="setItemHeight()">\n        <div class="selectFromCheckbox" ng-show="isMultiSelectable()" style="display: none;">\n            <div class="white checkContainer ng-pristine ng-valid" checkbox="" ng-model="item.isSelected" ng-click="clickOnItem(item, $index, $event, false)" block-update-model="true"><input tabindex="" type="checkbox" id="checkbox00P"><label for="checkbox00P" ng-show="label" i18n-title="" style="display: none;"><label i18n="" class="ng-binding">[]</label></label></div>\n        </div>\n        <div class="text" ng-click="clickOnItem(item, $index, $event, true)">\n             <div ux-transclude="template" class="ng-isolate-scope ng-scope"><div class="ng-scope">This is the transcluded content</div></div>\n         </div>\n        <button class="remove removeIcon" ng-click="clickOnItem(item, $index, $event, false)" ng-show="isDeletable()" confirm-action="deleteItem(item._id)" style="display: none;">\n            <label i18n="list.deleteItem" class="ng-binding">[list.deleteItem]</label>\n        </button>\n    </div><div ng-show="items.length &gt; 0" ng-hide="detailId &amp;&amp; detailId!=item._id" id="" ng-repeat="item in items | filter: getFilter()" class="item columns ng-scope large-25 listView" ng-class="getItemStyleClasses(item)" ng-style="setItemHeight()">\n        <div class="selectFromCheckbox" ng-show="isMultiSelectable()" style="display: none;">\n            <div class="white checkContainer ng-pristine ng-valid" checkbox="" ng-model="item.isSelected" ng-click="clickOnItem(item, $index, $event, false)" block-update-model="true"><input tabindex="" type="checkbox" id="checkbox00V"><label for="checkbox00V" ng-show="label" i18n-title="" style="display: none;"><label i18n="" class="ng-binding">[]</label></label></div>\n        </div>\n        <div class="text" ng-click="clickOnItem(item, $index, $event, true)">\n             <div ux-transclude="template" class="ng-isolate-scope ng-scope"><div class="ng-scope">This is the transcluded content</div></div>\n         </div>\n        <button class="remove removeIcon" ng-click="clickOnItem(item, $index, $event, false)" ng-show="isDeletable()" confirm-action="deleteItem(item._id)" style="display: none;">\n            <label i18n="list.deleteItem" class="ng-binding">[list.deleteItem]</label>\n        </button>\n    </div><div ng-show="items.length &gt; 0" ng-hide="detailId &amp;&amp; detailId!=item._id" id="" ng-repeat="item in items | filter: getFilter()" class="item columns ng-scope large-25 listView" ng-class="getItemStyleClasses(item)" ng-style="setItemHeight()">\n        <div class="selectFromCheckbox" ng-show="isMultiSelectable()" style="display: none;">\n            <div class="white checkContainer ng-pristine ng-valid" checkbox="" ng-model="item.isSelected" ng-click="clickOnItem(item, $index, $event, false)" block-update-model="true"><input tabindex="" type="checkbox" id="checkbox011"><label for="checkbox011" ng-show="label" i18n-title="" style="display: none;"><label i18n="" class="ng-binding">[]</label></label></div>\n        </div>\n        <div class="text" ng-click="clickOnItem(item, $index, $event, true)">\n             <div ux-transclude="template" class="ng-isolate-scope ng-scope"><div class="ng-scope">This is the transcluded content</div></div>\n         </div>\n        <button class="remove removeIcon" ng-click="clickOnItem(item, $index, $event, false)" ng-show="isDeletable()" confirm-action="deleteItem(item._id)" style="display: none;">\n            <label i18n="list.deleteItem" class="ng-binding">[list.deleteItem]</label>\n        </button>\n    </div><div ng-show="items.length &gt; 0" ng-hide="detailId &amp;&amp; detailId!=item._id" id="" ng-repeat="item in items | filter: getFilter()" class="item columns ng-scope large-25 listView" ng-class="getItemStyleClasses(item)" ng-style="setItemHeight()">\n        <div class="selectFromCheckbox" ng-show="isMultiSelectable()" style="display: none;">\n            <div class="white checkContainer ng-pristine ng-valid" checkbox="" ng-model="item.isSelected" ng-click="clickOnItem(item, $index, $event, false)" block-update-model="true"><input tabindex="" type="checkbox" id="checkbox017"><label for="checkbox017" ng-show="label" i18n-title="" style="display: none;"><label i18n="" class="ng-binding">[]</label></label></div>\n        </div>\n        <div class="text" ng-click="clickOnItem(item, $index, $event, true)">\n             <div ux-transclude="template" class="ng-isolate-scope ng-scope"><div class="ng-scope">This is the transcluded content</div></div>\n         </div>\n        <button class="remove removeIcon" ng-click="clickOnItem(item, $index, $event, false)" ng-show="isDeletable()" confirm-action="deleteItem(item._id)" style="display: none;">\n            <label i18n="list.deleteItem" class="ng-binding">[list.deleteItem]</label>\n        </button>\n    </div>'
,Chrome 31.0 (Windows) LOG: '<input type="text" ng-model="searchText" ux-keyup="executeSearch()" class="ng-pristine ng-valid"><input tabindex="" type="checkbox" id="checkbox00J"><input tabindex="" type="checkbox" id="checkbox00P"><input tabindex="" type="checkbox" id="checkbox00V"><input tabindex="" type="checkbox" id="checkbox011"><input tabindex="" type="checkbox" id="checkbox017">'
,Chrome 31.0 (Windows) LOG: '[ {\n  "code": "guest",\n  "karma": 0,\n  "title": "[role.guest]",\n  "description": "[role.guest.description]"\n}, {\n  "code": "reader",\n  "karma": 1,\n  "title": "[role.reader]",\n  "description": "[role.reader.description]"\n}, {\n  "code": "creator",\n  "karma": 2,\n  "title": "[role.creator]",\n  "description": "[role.creator.description]"\n}, {\n  "code": "admin",\n  "karma": 3,\n  "title": "[role.admin]",\n  "description": "[role.admin.description]"\n}, {\n  "code": "superAdmin",\n  "karma": 4,\n  "title": "[role.superAdmin]",\n  "description": "[role.superAdmin.description]"\n} ]'
,Chrome 31.0 (Windows) LOG: '5'
,Chrome 31.0 (Windows) LOG: '1'
,Chrome 31.0 (Windows) LOG: '<div ng-show="items.length &gt; 0" ng-hide="detailId &amp;&amp; detailId!=item._id" id="" ng-repeat="item in items | filter: getFilter()" class="item columns ng-scope large-25 listView" ng-class="getItemStyleClasses(item)" ng-style="setItemHeight()">\n        <div class="selectFromCheckbox" ng-show="isMultiSelectable()" style="display: none;">\n            <div class="white checkContainer ng-pristine ng-valid" checkbox="" ng-model="item.isSelected" ng-click="clickOnItem(item, $index, $event, false)" block-update-model="true"><input tabindex="" type="checkbox" id="checkbox00J"><label for="checkbox00J" ng-show="label" i18n-title="" style="display: none;"><label i18n="" class="ng-binding">[]</label></label></div>\n        </div>\n        <div class="text" ng-click="clickOnItem(item, $index, $event, true)">\n             <div ux-transclude="template" class="ng-isolate-scope ng-scope"><div class="ng-scope">This is the transcluded content</div></div>\n         </div>\n        <button class="remove removeIcon" ng-click="clickOnItem(item, $index, $event, false)" ng-show="isDeletable()" confirm-action="deleteItem(item._id)" style="display: none;">\n            <label i18n="list.deleteItem" class="ng-binding">[list.deleteItem]</label>\n        </button>\n    </div>'
,Chrome 31.0 (Windows) LOG: '<div class="white checkContainer ng-pristine ng-valid" checkbox="" ng-model="item.isSelected" ng-click="clickOnItem(item, $index, $event, false)" block-update-model="true"><input tabindex="" type="checkbox" id="checkbox00J"><label for="checkbox00J" ng-show="label" i18n-title="" style="display: none;"><label i18n="" class="ng-binding">[]</label></label></div><div class="white checkContainer ng-pristine ng-valid" checkbox="" ng-model="item.isSelected" ng-click="clickOnItem(item, $index, $event, false)" block-update-model="true"><input tabindex="" type="checkbox" id="checkbox00P"><label for="checkbox00P" ng-show="label" i18n-title="" style="display: none;"><label i18n="" class="ng-binding">[]</label></label></div><div class="white checkContainer ng-pristine ng-valid" checkbox="" ng-model="item.isSelected" ng-click="clickOnItem(item, $index, $event, false)" block-update-model="true"><input tabindex="" type="checkbox" id="checkbox00V"><label for="checkbox00V" ng-show="label" i18n-title="" style="display: none;"><label i18n="" class="ng-binding">[]</label></label></div><div class="white checkContainer ng-pristine ng-valid" checkbox="" ng-model="item.isSelected" ng-click="clickOnItem(item, $index, $event, false)" block-update-model="true"><input tabindex="" type="checkbox" id="checkbox011"><label for="checkbox011" ng-show="label" i18n-title="" style="display: none;"><label i18n="" class="ng-binding">[]</label></label></div><div class="white checkContainer ng-pristine ng-valid" checkbox="" ng-model="item.isSelected" ng-click="clickOnItem(item, $index, $event, false)" block-update-model="true"><input tabindex="" type="checkbox" id="checkbox017"><label for="checkbox017" ng-show="label" i18n-title="" style="display: none;"><label i18n="" class="ng-binding">[]</label></label></div>'
,Chrome 31.0 (Windows) LOG: '<div class="white checkContainer ng-pristine ng-valid" checkbox="" ng-model="item.isSelected" ng-click="clickOnItem(item, $index, $event, false)" block-update-model="true"><input tabindex="" type="checkbox" id="checkbox00J"><label for="checkbox00J" ng-show="label" i18n-title="" style="display: none;"><label i18n="" class="ng-binding">[]</label></label></div><div class="white checkContainer ng-pristine ng-valid" checkbox="" ng-model="item.isSelected" ng-click="clickOnItem(item, $index, $event, false)" block-update-model="true"><input tabindex="" type="checkbox" id="checkbox00P"><label for="checkbox00P" ng-show="label" i18n-title="" style="display: none;"><label i18n="" class="ng-binding">[]</label></label></div><div class="white checkContainer ng-pristine ng-valid" checkbox="" ng-model="item.isSelected" ng-click="clickOnItem(item, $index, $event, false)" block-update-model="true"><input tabindex="" type="checkbox" id="checkbox00V"><label for="checkbox00V" ng-show="label" i18n-title="" style="display: none;"><label i18n="" class="ng-binding">[]</label></label></div><div class="white checkContainer ng-pristine ng-valid" checkbox="" ng-model="item.isSelected" ng-click="clickOnItem(item, $index, $event, false)" block-update-model="true"><input tabindex="" type="checkbox" id="checkbox011"><label for="checkbox011" ng-show="label" i18n-title="" style="display: none;"><label i18n="" class="ng-binding">[]</label></label></div><div class="white checkContainer ng-pristine ng-valid" checkbox="" ng-model="item.isSelected" ng-click="clickOnItem(item, $index, $event, false)" block-update-model="true"><input tabindex="" type="checkbox" id="checkbox017"><label for="checkbox017" ng-show="label" i18n-title="" style="display: none;"><label i18n="" class="ng-binding">[]</label></label></div>'
,Chrome 31.0 (Windows) LOG: '<div class="white checkContainer ng-pristine ng-valid" checkbox="" ng-model="item.isSelected" ng-click="clickOnItem(item, $index, $event, false)" block-update-model="true"><input tabindex="" type="checkbox" id="checkbox00J"><label for="checkbox00J" ng-show="label" i18n-title="" style="display: none;"><label i18n="" class="ng-binding">[]</label></label></div><div class="white checkContainer ng-pristine ng-valid" checkbox="" ng-model="item.isSelected" ng-click="clickOnItem(item, $index, $event, false)" block-update-model="true"><input tabindex="" type="checkbox" id="checkbox00P"><label for="checkbox00P" ng-show="label" i18n-title="" style="display: none;"><label i18n="" class="ng-binding">[]</label></label></div><div class="white checkContainer ng-pristine ng-valid" checkbox="" ng-model="item.isSelected" ng-click="clickOnItem(item, $index, $event, false)" block-update-model="true"><input tabindex="" type="checkbox" id="checkbox00V"><label for="checkbox00V" ng-show="label" i18n-title="" style="display: none;"><label i18n="" class="ng-binding">[]</label></label></div><div class="white checkContainer ng-pristine ng-valid" checkbox="" ng-model="item.isSelected" ng-click="clickOnItem(item, $index, $event, false)" block-update-model="true"><input tabindex="" type="checkbox" id="checkbox011"><label for="checkbox011" ng-show="label" i18n-title="" style="display: none;"><label i18n="" class="ng-binding">[]</label></label></div><div class="white checkContainer ng-pristine ng-valid" checkbox="" ng-model="item.isSelected" ng-click="clickOnItem(item, $index, $event, false)" block-update-model="true"><input tabindex="" type="checkbox" id="checkbox017"><label for="checkbox017" ng-show="label" i18n-title="" style="display: none;"><label i18n="" class="ng-binding">[]</label></label></div>'
,Chrome 31.0 (Windows) LOG: '<div class="white checkContainer ng-pristine ng-valid" checkbox="" ng-model="item.isSelected" ng-click="clickOnItem(item, $index, $event, false)" block-update-model="true"><input tabindex="" type="checkbox" id="checkbox00J"><label for="checkbox00J" ng-show="label" i18n-title="" style="display: none;"><label i18n="" class="ng-binding">[]</label></label></div><div class="white checkContainer ng-pristine ng-valid" checkbox="" ng-model="item.isSelected" ng-click="clickOnItem(item, $index, $event, false)" block-update-model="true"><input tabindex="" type="checkbox" id="checkbox00P"><label for="checkbox00P" ng-show="label" i18n-title="" style="display: none;"><label i18n="" class="ng-binding">[]</label></label></div><div class="white checkContainer ng-pristine ng-valid" checkbox="" ng-model="item.isSelected" ng-click="clickOnItem(item, $index, $event, false)" block-update-model="true"><input tabindex="" type="checkbox" id="checkbox00V"><label for="checkbox00V" ng-show="label" i18n-title="" style="display: none;"><label i18n="" class="ng-binding">[]</label></label></div><div class="white checkContainer ng-pristine ng-valid" checkbox="" ng-model="item.isSelected" ng-click="clickOnItem(item, $index, $event, false)" block-update-model="true"><input tabindex="" type="checkbox" id="checkbox011"><label for="checkbox011" ng-show="label" i18n-title="" style="display: none;"><label i18n="" class="ng-binding">[]</label></label></div><div class="white checkContainer ng-pristine ng-valid" checkbox="" ng-model="item.isSelected" ng-click="clickOnItem(item, $index, $event, false)" block-update-model="true"><input tabindex="" type="checkbox" id="checkbox017"><label for="checkbox017" ng-show="label" i18n-title="" style="display: none;"><label i18n="" class="ng-binding">[]</label></label></div>'
,Chrome 31.0 (Windows) LOG: '<div class="white checkContainer ng-pristine ng-valid" checkbox="" ng-model="item.isSelected" ng-click="clickOnItem(item, $index, $event, false)" block-update-model="true"><input tabindex="" type="checkbox" id="checkbox00J"><label for="checkbox00J" ng-show="label" i18n-title="" style="display: none;"><label i18n="" class="ng-binding">[]</label></label></div><div class="white checkContainer ng-pristine ng-valid" checkbox="" ng-model="item.isSelected" ng-click="clickOnItem(item, $index, $event, false)" block-update-model="true"><input tabindex="" type="checkbox" id="checkbox00P"><label for="checkbox00P" ng-show="label" i18n-title="" style="display: none;"><label i18n="" class="ng-binding">[]</label></label></div><div class="white checkContainer ng-pristine ng-valid" checkbox="" ng-model="item.isSelected" ng-click="clickOnItem(item, $index, $event, false)" block-update-model="true"><input tabindex="" type="checkbox" id="checkbox00V"><label for="checkbox00V" ng-show="label" i18n-title="" style="display: none;"><label i18n="" class="ng-binding">[]</label></label></div><div class="white checkContainer ng-pristine ng-valid" checkbox="" ng-model="item.isSelected" ng-click="clickOnItem(item, $index, $event, false)" block-update-model="true"><input tabindex="" type="checkbox" id="checkbox011"><label for="checkbox011" ng-show="label" i18n-title="" style="display: none;"><label i18n="" class="ng-binding">[]</label></label></div><div class="white checkContainer ng-pristine ng-valid" checkbox="" ng-model="item.isSelected" ng-click="clickOnItem(item, $index, $event, false)" block-update-model="true"><input tabindex="" type="checkbox" id="checkbox017"><label for="checkbox017" ng-show="label" i18n-title="" style="display: none;"><label i18n="" class="ng-binding">[]</label></label></div>'
,Chrome 31.0 (Windows) LOG: '<div class="white checkContainer ng-pristine ng-valid" checkbox="" ng-model="item.isSelected" ng-click="clickOnItem(item, $index, $event, false)" block-update-model="true"><input tabindex="" type="checkbox" id="checkbox00J"><label for="checkbox00J" ng-show="label" i18n-title="" style="display: none;"><label i18n="" class="ng-binding">[]</label></label></div><div class="white checkContainer ng-pristine ng-valid" checkbox="" ng-model="item.isSelected" ng-click="clickOnItem(item, $index, $event, false)" block-update-model="true"><input tabindex="" type="checkbox" id="checkbox00P"><label for="checkbox00P" ng-show="label" i18n-title="" style="display: none;"><label i18n="" class="ng-binding">[]</label></label></div><div class="white checkContainer ng-pristine ng-valid" checkbox="" ng-model="item.isSelected" ng-click="clickOnItem(item, $index, $event, false)" block-update-model="true"><input tabindex="" type="checkbox" id="checkbox00V"><label for="checkbox00V" ng-show="label" i18n-title="" style="display: none;"><label i18n="" class="ng-binding">[]</label></label></div><div class="white checkContainer ng-pristine ng-valid" checkbox="" ng-model="item.isSelected" ng-click="clickOnItem(item, $index, $event, false)" block-update-model="true"><input tabindex="" type="checkbox" id="checkbox011"><label for="checkbox011" ng-show="label" i18n-title="" style="display: none;"><label i18n="" class="ng-binding">[]</label></label></div><div class="white checkContainer ng-pristine ng-valid" checkbox="" ng-model="item.isSelected" ng-click="clickOnItem(item, $index, $event, false)" block-update-model="true"><input tabindex="" type="checkbox" id="checkbox017"><label for="checkbox017" ng-show="label" i18n-title="" style="display: none;"><label i18n="" class="ng-binding">[]</label></label></div>'
,Chrome 31.0 (Windows) LOG: '<div class="white checkContainer ng-pristine ng-valid" checkbox="" ng-model="item.isSelected" ng-click="clickOnItem(item, $index, $event, false)" block-update-model="true"><input tabindex="" type="checkbox" id="checkbox00J"><label for="checkbox00J" ng-show="label" i18n-title="" style="display: none;"><label i18n="" class="ng-binding">[]</label></label></div><div class="white checkContainer ng-pristine ng-valid" checkbox="" ng-model="item.isSelected" ng-click="clickOnItem(item, $index, $event, false)" block-update-model="true"><input tabindex="" type="checkbox" id="checkbox00P"><label for="checkbox00P" ng-show="label" i18n-title="" style="display: none;"><label i18n="" class="ng-binding">[]</label></label></div><div class="white checkContainer ng-pristine ng-valid" checkbox="" ng-model="item.isSelected" ng-click="clickOnItem(item, $index, $event, false)" block-update-model="true"><input tabindex="" type="checkbox" id="checkbox00V"><label for="checkbox00V" ng-show="label" i18n-title="" style="display: none;"><label i18n="" class="ng-binding">[]</label></label></div><div class="white checkContainer ng-pristine ng-valid" checkbox="" ng-model="item.isSelected" ng-click="clickOnItem(item, $index, $event, false)" block-update-model="true"><input tabindex="" type="checkbox" id="checkbox011"><label for="checkbox011" ng-show="label" i18n-title="" style="display: none;"><label i18n="" class="ng-binding">[]</label></label></div><div class="white checkContainer ng-pristine ng-valid" checkbox="" ng-model="item.isSelected" ng-click="clickOnItem(item, $index, $event, false)" block-update-model="true"><input tabindex="" type="checkbox" id="checkbox017"><label for="checkbox017" ng-show="label" i18n-title="" style="display: none;"><label i18n="" class="ng-binding">[]</label></label></div>'
,Chrome 31.0 (Windows) LOG: '<div class="white checkContainer ng-pristine ng-valid" checkbox="" ng-model="item.isSelected" ng-click="clickOnItem(item, $index, $event, false)" block-update-model="true"><input tabindex="" type="checkbox" id="checkbox00J"><label for="checkbox00J" ng-show="label" i18n-title="" style="display: none;"><label i18n="" class="ng-binding">[]</label></label></div><div class="white checkContainer ng-pristine ng-valid" checkbox="" ng-model="item.isSelected" ng-click="clickOnItem(item, $index, $event, false)" block-update-model="true"><input tabindex="" type="checkbox" id="checkbox00P"><label for="checkbox00P" ng-show="label" i18n-title="" style="display: none;"><label i18n="" class="ng-binding">[]</label></label></div><div class="white checkContainer ng-pristine ng-valid" checkbox="" ng-model="item.isSelected" ng-click="clickOnItem(item, $index, $event, false)" block-update-model="true"><input tabindex="" type="checkbox" id="checkbox00V"><label for="checkbox00V" ng-show="label" i18n-title="" style="display: none;"><label i18n="" class="ng-binding">[]</label></label></div><div class="white checkContainer ng-pristine ng-valid" checkbox="" ng-model="item.isSelected" ng-click="clickOnItem(item, $index, $event, false)" block-update-model="true"><input tabindex="" type="checkbox" id="checkbox011"><label for="checkbox011" ng-show="label" i18n-title="" style="display: none;"><label i18n="" class="ng-binding">[]</label></label></div><div class="white checkContainer ng-pristine ng-valid" checkbox="" ng-model="item.isSelected" ng-click="clickOnItem(item, $index, $event, false)" block-update-model="true"><input tabindex="" type="checkbox" id="checkbox017"><label for="checkbox017" ng-show="label" i18n-title="" style="display: none;"><label i18n="" class="ng-binding">[]</label></label></div>'
,Chrome 31.0 (Windows) LOG: '<div class="white checkContainer ng-pristine ng-valid" checkbox="" ng-model="item.isSelected" ng-click="clickOnItem(item, $index, $event, false)" block-update-model="true"><input tabindex="" type="checkbox" id="checkbox00J"><label for="checkbox00J" ng-show="label" i18n-title="" style="display: none;"><label i18n="" class="ng-binding">[]</label></label></div><div class="white checkContainer ng-pristine ng-valid" checkbox="" ng-model="item.isSelected" ng-click="clickOnItem(item, $index, $event, false)" block-update-model="true"><input tabindex="" type="checkbox" id="checkbox00P"><label for="checkbox00P" ng-show="label" i18n-title="" style="display: none;"><label i18n="" class="ng-binding">[]</label></label></div><div class="white checkContainer ng-pristine ng-valid" checkbox="" ng-model="item.isSelected" ng-click="clickOnItem(item, $index, $event, false)" block-update-model="true"><input tabindex="" type="checkbox" id="checkbox00V"><label for="checkbox00V" ng-show="label" i18n-title="" style="display: none;"><label i18n="" class="ng-binding">[]</label></label></div><div class="white checkContainer ng-pristine ng-valid" checkbox="" ng-model="item.isSelected" ng-click="clickOnItem(item, $index, $event, false)" block-update-model="true"><input tabindex="" type="checkbox" id="checkbox011"><label for="checkbox011" ng-show="label" i18n-title="" style="display: none;"><label i18n="" class="ng-binding">[]</label></label></div><div class="white checkContainer ng-pristine ng-valid" checkbox="" ng-model="item.isSelected" ng-click="clickOnItem(item, $index, $event, false)" block-update-model="true"><input tabindex="" type="checkbox" id="checkbox017"><label for="checkbox017" ng-show="label" i18n-title="" style="display: none;"><label i18n="" class="ng-binding">[]</label></label></div>'
,Chrome 31.0 (Windows) LOG: '<div class="white checkContainer ng-pristine ng-valid" checkbox="" ng-model="item.isSelected" ng-click="clickOnItem(item, $index, $event, false)" block-update-model="true"><div class="check icheckbox_square-blue"><input tabindex="" type="checkbox" id="checkbox00J" style="position: absolute; top: -20%; left: -20%; display: block; width: 140%; height: 140%; margin: 0px; padding: 0px; background-color: rgb(255, 255, 255); border: 0px; opacity: 0; background-position: initial initial; background-repeat: initial initial;"><ins class="iCheck-helper" style="position: absolute; top: -20%; left: -20%; display: block; width: 140%; height: 140%; margin: 0px; padding: 0px; background-color: rgb(255, 255, 255); border: 0px; opacity: 0; background-position: initial initial; background-repeat: initial initial;"></ins></div><label for="checkbox00J" ng-show="label" i18n-title="" style="display: none;"><label i18n="" class="ng-binding">[]</label></label></div><div class="white checkContainer ng-pristine ng-valid" checkbox="" ng-model="item.isSelected" ng-click="clickOnItem(item, $index, $event, false)" block-update-model="true"><div class="check icheckbox_square-blue"><input tabindex="" type="checkbox" id="checkbox00P" style="position: absolute; top: -20%; left: -20%; display: block; width: 140%; height: 140%; margin: 0px; padding: 0px; background-color: rgb(255, 255, 255); border: 0px; opacity: 0; background-position: initial initial; background-repeat: initial initial;"><ins class="iCheck-helper" style="position: absolute; top: -20%; left: -20%; display: block; width: 140%; height: 140%; margin: 0px; padding: 0px; background-color: rgb(255, 255, 255); border: 0px; opacity: 0; background-position: initial initial; background-repeat: initial initial;"></ins></div><label for="checkbox00P" ng-show="label" i18n-title="" style="display: none;"><label i18n="" class="ng-binding">[]</label></label></div><div class="white checkContainer ng-pristine ng-valid" checkbox="" ng-model="item.isSelected" ng-click="clickOnItem(item, $index, $event, false)" block-update-model="true"><div class="check icheckbox_square-blue"><input tabindex="" type="checkbox" id="checkbox00V" style="position: absolute; top: -20%; left: -20%; display: block; width: 140%; height: 140%; margin: 0px; padding: 0px; background-color: rgb(255, 255, 255); border: 0px; opacity: 0; background-position: initial initial; background-repeat: initial initial;"><ins class="iCheck-helper" style="position: absolute; top: -20%; left: -20%; display: block; width: 140%; height: 140%; margin: 0px; padding: 0px; background-color: rgb(255, 255, 255); border: 0px; opacity: 0; background-position: initial initial; background-repeat: initial initial;"></ins></div><label for="checkbox00V" ng-show="label" i18n-title="" style="display: none;"><label i18n="" class="ng-binding">[]</label></label></div><div class="white checkContainer ng-pristine ng-valid" checkbox="" ng-model="item.isSelected" ng-click="clickOnItem(item, $index, $event, false)" block-update-model="true"><div class="check icheckbox_square-blue"><input tabindex="" type="checkbox" id="checkbox011" style="position: absolute; top: -20%; left: -20%; display: block; width: 140%; height: 140%; margin: 0px; padding: 0px; background-color: rgb(255, 255, 255); border: 0px; opacity: 0; background-position: initial initial; background-repeat: initial initial;"><ins class="iCheck-helper" style="position: absolute; top: -20%; left: -20%; display: block; width: 140%; height: 140%; margin: 0px; padding: 0px; background-color: rgb(255, 255, 255); border: 0px; opacity: 0; background-position: initial initial; background-repeat: initial initial;"></ins></div><label for="checkbox011" ng-show="label" i18n-title="" style="display: none;"><label i18n="" class="ng-binding">[]</label></label></div><div class="white checkContainer ng-pristine ng-valid" checkbox="" ng-model="item.isSelected" ng-click="clickOnItem(item, $index, $event, false)" block-update-model="true"><div class="check icheckbox_square-blue"><input tabindex="" type="checkbox" id="checkbox017" style="position: absolute; top: -20%; left: -20%; display: block; width: 140%; height: 140%; margin: 0px; padding: 0px; background-color: rgb(255, 255, 255); border: 0px; opacity: 0; background-position: initial initial; background-repeat: initial initial;"><ins class="iCheck-helper" style="position: absolute; top: -20%; left: -20%; display: block; width: 140%; height: 140%; margin: 0px; padding: 0px; background-color: rgb(255, 255, 255); border: 0px; opacity: 0; background-position: initial initial; background-repeat: initial initial;"></ins></div><label for="checkbox017" ng-show="label" i18n-title="" style="display: none;"><label i18n="" class="ng-binding">[]</label></label></div>'
,Chrome 31.0 (Windows) LOG: '<ins class="iCheck-helper" style="position: absolute; top: -20%; left: -20%; display: block; width: 140%; height: 140%; margin: 0px; padding: 0px; background-color: rgb(255, 255, 255); border: 0px; opacity: 0; background-position: initial initial; background-repeat: initial initial;"></ins><ins class="iCheck-helper" style="position: absolute; top: -20%; left: -20%; display: block; width: 140%; height: 140%; margin: 0px; padding: 0px; background-color: rgb(255, 255, 255); border: 0px; opacity: 0; background-position: initial initial; background-repeat: initial initial;"></ins><ins class="iCheck-helper" style="position: absolute; top: -20%; left: -20%; display: block; width: 140%; height: 140%; margin: 0px; padding: 0px; background-color: rgb(255, 255, 255); border: 0px; opacity: 0; background-position: initial initial; background-repeat: initial initial;"></ins><ins class="iCheck-helper" style="position: absolute; top: -20%; left: -20%; display: block; width: 140%; height: 140%; margin: 0px; padding: 0px; background-color: rgb(255, 255, 255); border: 0px; opacity: 0; background-position: initial initial; background-repeat: initial initial;"></ins><ins class="iCheck-helper" style="position: absolute; top: -20%; left: -20%; display: block; width: 140%; height: 140%; margin: 0px; padding: 0px; background-color: rgb(255, 255, 255); border: 0px; opacity: 0; background-position: initial initial; background-repeat: initial initial;"></ins>'
,Chrome 31.0 (Windows) LOG: '<ins class="iCheck-helper" style="position: absolute; top: -20%; left: -20%; display: block; width: 140%; height: 140%; margin: 0px; padding: 0px; background-color: rgb(255, 255, 255); border: 0px; opacity: 0; background-position: initial initial; background-repeat: initial initial;"></ins><ins class="iCheck-helper" style="position: absolute; top: -20%; left: -20%; display: block; width: 140%; height: 140%; margin: 0px; padding: 0px; background-color: rgb(255, 255, 255); border: 0px; opacity: 0; background-position: initial initial; background-repeat: initial initial;"></ins><ins class="iCheck-helper" style="position: absolute; top: -20%; left: -20%; display: block; width: 140%; height: 140%; margin: 0px; padding: 0px; background-color: rgb(255, 255, 255); border: 0px; opacity: 0; background-position: initial initial; background-repeat: initial initial;"></ins><ins class="iCheck-helper" style="position: absolute; top: -20%; left: -20%; display: block; width: 140%; height: 140%; margin: 0px; padding: 0px; background-color: rgb(255, 255, 255); border: 0px; opacity: 0; background-position: initial initial; background-repeat: initial initial;"></ins><ins class="iCheck-helper" style="position: absolute; top: -20%; left: -20%; display: block; width: 140%; height: 140%; margin: 0px; padding: 0px; background-color: rgb(255, 255, 255); border: 0px; opacity: 0; background-position: initial initial; background-repeat: initial initial;"></ins>'
,Chrome 31.0 (Windows) LOG: '<div ng-show="items.length &gt; 0" ng-hide="detailId &amp;&amp; detailId!=item._id" id="" ng-repeat="item in items | filter: getFilter()" class="item columns ng-scope large-25 listView" ng-class="getItemStyleClasses(item)" ng-style="setItemHeight()">\n        <div class="selectFromCheckbox" ng-show="isMultiSelectable()" style="display: none;">\n            <div class="white checkContainer ng-pristine ng-valid" checkbox="" ng-model="item.isSelected" ng-click="clickOnItem(item, $index, $event, false)" block-update-model="true"><div class="check icheckbox_square-blue"><input tabindex="" type="checkbox" id="checkbox00J" style="position: absolute; top: -20%; left: -20%; display: block; width: 140%; height: 140%; margin: 0px; padding: 0px; background-color: rgb(255, 255, 255); border: 0px; opacity: 0; background-position: initial initial; background-repeat: initial initial;"><ins class="iCheck-helper" style="position: absolute; top: -20%; left: -20%; display: block; width: 140%; height: 140%; margin: 0px; padding: 0px; background-color: rgb(255, 255, 255); border: 0px; opacity: 0; background-position: initial initial; background-repeat: initial initial;"></ins></div><label for="checkbox00J" ng-show="label" i18n-title="" style="display: none;"><label i18n="" class="ng-binding">[]</label></label></div>\n        </div>\n        <div class="text" ng-click="clickOnItem(item, $index, $event, true)">\n             <div ux-transclude="template" class="ng-isolate-scope ng-scope"><div class="ng-scope">This is the transcluded content</div></div>\n         </div>\n        <button class="remove removeIcon" ng-click="clickOnItem(item, $index, $event, false)" ng-show="isDeletable()" confirm-action="deleteItem(item._id)" style="display: none;">\n            <label i18n="list.deleteItem" class="ng-binding">[list.deleteItem]</label>\n        </button>\n    </div>'
,Chrome 31.0 (Windows) LOG: 'false'
,Chrome 31.0 (Windows) LOG: 'false'
,Chrome 31.0 (Windows) LOG: '<div ng-show="items.length &gt; 0" ng-hide="detailId &amp;&amp; detailId!=item._id" id="" ng-repeat="item in items | filter: getFilter()" class="item columns ng-scope large-25 listView" ng-class="getItemStyleClasses(item)" ng-style="setItemHeight()">\n        <div class="selectFromCheckbox" ng-show="isMultiSelectable()" style="display: none;">\n            <div class="white checkContainer ng-pristine ng-valid" checkbox="" ng-model="item.isSelected" ng-click="clickOnItem(item, $index, $event, false)" block-update-model="true"><div class="check icheckbox_square-blue checked"><input tabindex="" type="checkbox" id="checkbox00J" style="position: absolute; top: -20%; left: -20%; display: block; width: 140%; height: 140%; margin: 0px; padding: 0px; background-color: rgb(255, 255, 255); border: 0px; opacity: 0; background-position: initial initial; background-repeat: initial initial;"><ins class="iCheck-helper" style="position: absolute; top: -20%; left: -20%; display: block; width: 140%; height: 140%; margin: 0px; padding: 0px; background-color: rgb(255, 255, 255); border: 0px; opacity: 0; background-position: initial initial; background-repeat: initial initial;"></ins></div><label for="checkbox00J" ng-show="label" i18n-title="" style="display: none;"><label i18n="" class="ng-binding">[]</label></label></div>\n        </div>\n        <div class="text" ng-click="clickOnItem(item, $index, $event, true)">\n             <div ux-transclude="template" class="ng-isolate-scope ng-scope"><div class="ng-scope">This is the transcluded content</div></div>\n         </div>\n        <button class="remove removeIcon" ng-click="clickOnItem(item, $index, $event, false)" ng-show="isDeletable()" confirm-action="deleteItem(item._id)" style="display: none;">\n            <label i18n="list.deleteItem" class="ng-binding">[list.deleteItem]</label>\n        </button>\n    </div>'
,Chrome 31.0 (Windows) LOG: '<div ng-show="items.length &gt; 0" ng-hide="detailId &amp;&amp; detailId!=item._id" id="" ng-repeat="item in items | filter: getFilter()" class="item columns ng-scope large-25 listView" ng-class="getItemStyleClasses(item)" ng-style="setItemHeight()">\n        <div class="selectFromCheckbox" ng-show="isMultiSelectable()" style="display: none;">\n            <div class="white checkContainer ng-pristine ng-valid" checkbox="" ng-model="item.isSelected" ng-click="clickOnItem(item, $index, $event, false)" block-update-model="true"><div class="check icheckbox_square-blue"><input tabindex="" type="checkbox" id="checkbox00J" style="position: absolute; top: -20%; left: -20%; display: block; width: 140%; height: 140%; margin: 0px; padding: 0px; background-color: rgb(255, 255, 255); border: 0px; opacity: 0; background-position: initial initial; background-repeat: initial initial;"><ins class="iCheck-helper" style="position: absolute; top: -20%; left: -20%; display: block; width: 140%; height: 140%; margin: 0px; padding: 0px; background-color: rgb(255, 255, 255); border: 0px; opacity: 0; background-position: initial initial; background-repeat: initial initial;"></ins></div><label for="checkbox00J" ng-show="label" i18n-title="" style="display: none;"><label i18n="" class="ng-binding">[]</label></label></div>\n        </div>\n        <div class="text" ng-click="clickOnItem(item, $index, $event, true)">\n             <div ux-transclude="template" class="ng-isolate-scope ng-scope"><div class="ng-scope">This is the transcluded content</div></div>\n         </div>\n        <button class="remove removeIcon" ng-click="clickOnItem(item, $index, $event, false)" ng-show="isDeletable()" confirm-action="deleteItem(item._id)" style="display: none;">\n            <label i18n="list.deleteItem" class="ng-binding">[list.deleteItem]</label>\n        </button>\n    </div>'
,Chrome 31.0 (Windows) LOG: '<div ng-show="items.length &gt; 0" ng-hide="detailId &amp;&amp; detailId!=item._id" id="" ng-repeat="item in items | filter: getFilter()" class="item columns ng-scope large-25 listView" ng-class="getItemStyleClasses(item)" ng-style="setItemHeight()">\n        <div class="selectFromCheckbox" ng-show="isMultiSelectable()" style="display: none;">\n            <div class="white checkContainer ng-pristine ng-valid" checkbox="" ng-model="item.isSelected" ng-click="clickOnItem(item, $index, $event, false)" block-update-model="true"><div class="check icheckbox_square-blue checked"><input tabindex="" type="checkbox" id="checkbox00J" style="position: absolute; top: -20%; left: -20%; display: block; width: 140%; height: 140%; margin: 0px; padding: 0px; background-color: rgb(255, 255, 255); border: 0px; opacity: 0; background-position: initial initial; background-repeat: initial initial;"><ins class="iCheck-helper" style="position: absolute; top: -20%; left: -20%; display: block; width: 140%; height: 140%; margin: 0px; padding: 0px; background-color: rgb(255, 255, 255); border: 0px; opacity: 0; background-position: initial initial; background-repeat: initial initial;"></ins></div><label for="checkbox00J" ng-show="label" i18n-title="" style="display: none;"><label i18n="" class="ng-binding">[]</label></label></div>\n        </div>\n        <div class="text" ng-click="clickOnItem(item, $index, $event, true)">\n             <div ux-transclude="template" class="ng-isolate-scope ng-scope"><div class="ng-scope">This is the transcluded content</div></div>\n         </div>\n        <button class="remove removeIcon" ng-click="clickOnItem(item, $index, $event, false)" ng-show="isDeletable()" confirm-action="deleteItem(item._id)" style="display: none;">\n            <label i18n="list.deleteItem" class="ng-binding">[list.deleteItem]</label>\n        </button>\n    </div>'
,Chrome 31.0 (Windows) LOG: '<div ng-show="items.length &gt; 0" ng-hide="detailId &amp;&amp; detailId!=item._id" id="" ng-repeat="item in items | filter: getFilter()" class="item columns ng-scope large-25 listView" ng-class="getItemStyleClasses(item)" ng-style="setItemHeight()">\n        <div class="selectFromCheckbox" ng-show="isMultiSelectable()" style="display: none;">\n            <div class="white checkContainer ng-pristine ng-valid" checkbox="" ng-model="item.isSelected" ng-click="clickOnItem(item, $index, $event, false)" block-update-model="true"><div class="check icheckbox_square-blue checked"><input tabindex="" type="checkbox" id="checkbox00J" style="position: absolute; top: -20%; left: -20%; display: block; width: 140%; height: 140%; margin: 0px; padding: 0px; background-color: rgb(255, 255, 255); border: 0px; opacity: 0; background-position: initial initial; background-repeat: initial initial;"><ins class="iCheck-helper" style="position: absolute; top: -20%; left: -20%; display: block; width: 140%; height: 140%; margin: 0px; padding: 0px; background-color: rgb(255, 255, 255); border: 0px; opacity: 0; background-position: initial initial; background-repeat: initial initial;"></ins></div><label for="checkbox00J" ng-show="label" i18n-title="" style="display: none;"><label i18n="" class="ng-binding">[]</label></label></div>\n        </div>\n        <div class="text" ng-click="clickOnItem(item, $index, $event, true)">\n             <div ux-transclude="template" class="ng-isolate-scope ng-scope"><div class="ng-scope">This is the transcluded content</div></div>\n         </div>\n        <button class="remove removeIcon" ng-click="clickOnItem(item, $index, $event, false)" ng-show="isDeletable()" confirm-action="deleteItem(item._id)" style="display: none;">\n            <label i18n="list.deleteItem" class="ng-binding">[list.deleteItem]</label>\n        </button>\n    </div>'
,Chrome 31.0 (Windows) LOG: '<div ng-show="items.length &gt; 0" ng-hide="detailId &amp;&amp; detailId!=item._id" id="" ng-repeat="item in items | filter: getFilter()" class="item columns ng-scope large-25 listView" ng-class="getItemStyleClasses(item)" ng-style="setItemHeight()">\n        <div class="selectFromCheckbox" ng-show="isMultiSelectable()" style="display: none;">\n            <div class="white checkContainer ng-pristine ng-valid" checkbox="" ng-model="item.isSelected" ng-click="clickOnItem(item, $index, $event, false)" block-update-model="true"><div class="check icheckbox_square-blue checked"><input tabindex="" type="checkbox" id="checkbox00J" style="position: absolute; top: -20%; left: -20%; display: block; width: 140%; height: 140%; margin: 0px; padding: 0px; background-color: rgb(255, 255, 255); border: 0px; opacity: 0; background-position: initial initial; background-repeat: initial initial;"><ins class="iCheck-helper" style="position: absolute; top: -20%; left: -20%; display: block; width: 140%; height: 140%; margin: 0px; padding: 0px; background-color: rgb(255, 255, 255); border: 0px; opacity: 0; background-position: initial initial; background-repeat: initial initial;"></ins></div><label for="checkbox00J" ng-show="label" i18n-title="" style="display: none;"><label i18n="" class="ng-binding">[]</label></label></div>\n        </div>\n        <div class="text" ng-click="clickOnItem(item, $index, $event, true)">\n             <div ux-transclude="template" class="ng-isolate-scope ng-scope"><div class="ng-scope">This is the transcluded content</div></div>\n         </div>\n        <button class="remove removeIcon" ng-click="clickOnItem(item, $index, $event, false)" ng-show="isDeletable()" confirm-action="deleteItem(item._id)" style="display: none;">\n            <label i18n="list.deleteItem" class="ng-binding">[list.deleteItem]</label>\n        </button>\n    </div>'
,Chrome 31.0 (Windows) LOG: '<div ng-show="items.length &gt; 0" ng-hide="detailId &amp;&amp; detailId!=item._id" id="" ng-repeat="item in items | filter: getFilter()" class="item columns ng-scope large-25 listView" ng-class="getItemStyleClasses(item)" ng-style="setItemHeight()">\n        <div class="selectFromCheckbox" ng-show="isMultiSelectable()" style="display: none;">\n            <div class="white checkContainer ng-pristine ng-valid" checkbox="" ng-model="item.isSelected" ng-click="clickOnItem(item, $index, $event, false)" block-update-model="true"><div class="check icheckbox_square-blue checked"><input tabindex="" type="checkbox" id="checkbox01T" style="position: absolute; top: -20%; left: -20%; display: block; width: 140%; height: 140%; margin: 0px; padding: 0px; background-color: rgb(255, 255, 255); border: 0px; opacity: 0; background-position: initial initial; background-repeat: initial initial;"><ins class="iCheck-helper" style="position: absolute; top: -20%; left: -20%; display: block; width: 140%; height: 140%; margin: 0px; padding: 0px; background-color: rgb(255, 255, 255); border: 0px; opacity: 0; background-position: initial initial; background-repeat: initial initial;"></ins></div><label for="checkbox01T" ng-show="label" i18n-title="" style="display: none;"><label i18n="" class="ng-binding">[]</label></label></div>\n        </div>\n        <div class="text" ng-click="clickOnItem(item, $index, $event, true)">\n             <div ux-transclude="template" class="ng-isolate-scope ng-scope"><div class="ng-scope">This is the transcluded content</div></div>\n         </div>\n        <button class="remove removeIcon" ng-click="clickOnItem(item, $index, $event, false)" ng-show="isDeletable()" confirm-action="deleteItem(item._id)" style="display: none;">\n            <label i18n="list.deleteItem" class="ng-binding">[list.deleteItem]</label>\n        </button>\n    </div>'
,Chrome 31.0 (Windows) LOG: '<div ng-show="items.length &gt; 0" ng-hide="detailId &amp;&amp; detailId!=item._id" id="" ng-repeat="item in items | filter: getFilter()" class="item columns ng-scope large-25 listView" ng-class="getItemStyleClasses(item)" ng-style="setItemHeight()">\n        <div class="selectFromCheckbox" ng-show="isMultiSelectable()" style="display: none;">\n            <div class="white checkContainer ng-pristine ng-valid" checkbox="" ng-model="item.isSelected" ng-click="clickOnItem(item, $index, $event, false)" block-update-model="true"><div class="check icheckbox_square-blue checked"><input tabindex="" type="checkbox" id="checkbox033" style="position: absolute; top: -20%; left: -20%; display: block; width: 140%; height: 140%; margin: 0px; padding: 0px; background-color: rgb(255, 255, 255); border: 0px; opacity: 0; background-position: initial initial; background-repeat: initial initial;"><ins class="iCheck-helper" style="position: absolute; top: -20%; left: -20%; display: block; width: 140%; height: 140%; margin: 0px; padding: 0px; background-color: rgb(255, 255, 255); border: 0px; opacity: 0; background-position: initial initial; background-repeat: initial initial;"></ins></div><label for="checkbox033" ng-show="label" i18n-title="" style="display: none;"><label i18n="" class="ng-binding">[]</label></label></div>\n        </div>\n        <div class="text" ng-click="clickOnItem(item, $index, $event, true)">\n             <div ux-transclude="template" class="ng-isolate-scope ng-scope"><div class="ng-scope">This is the transcluded content</div></div>\n         </div>\n        <button class="remove removeIcon" ng-click="clickOnItem(item, $index, $event, false)" ng-show="isDeletable()" confirm-action="deleteItem(item._id)" style="display: none;">\n            <label i18n="list.deleteItem" class="ng-binding">[list.deleteItem]</label>\n        </button>\n    </div>'
,Chrome 31.0 (Windows) LOG: '<div ng-show="items.length &gt; 0" ng-hide="detailId &amp;&amp; detailId!=item._id" id="" ng-repeat="item in items | filter: getFilter()" class="item columns ng-scope large-25 listView" ng-class="getItemStyleClasses(item)" ng-style="setItemHeight()">\n        <div class="selectFromCheckbox" ng-show="isMultiSelectable()" style="display: none;">\n            <div class="white checkContainer ng-pristine ng-valid" checkbox="" ng-model="item.isSelected" ng-click="clickOnItem(item, $index, $event, false)" block-update-model="true"><div class="check icheckbox_square-blue checked"><input tabindex="" type="checkbox" id="checkbox04D" style="position: absolute; top: -20%; left: -20%; display: block; width: 140%; height: 140%; margin: 0px; padding: 0px; background-color: rgb(255, 255, 255); border: 0px; opacity: 0; background-position: initial initial; background-repeat: initial initial;"><ins class="iCheck-helper" style="position: absolute; top: -20%; left: -20%; display: block; width: 140%; height: 140%; margin: 0px; padding: 0px; background-color: rgb(255, 255, 255); border: 0px; opacity: 0; background-position: initial initial; background-repeat: initial initial;"></ins></div><label for="checkbox04D" ng-show="label" i18n-title="" style="display: none;"><label i18n="" class="ng-binding">[]</label></label></div>\n        </div>\n        <div class="text" ng-click="clickOnItem(item, $index, $event, true)">\n             <div ux-transclude="template" class="ng-isolate-scope ng-scope"><div class="ng-scope">This is the transcluded content</div></div>\n         </div>\n        <button class="remove removeIcon" ng-click="clickOnItem(item, $index, $event, false)" ng-show="isDeletable()" confirm-action="deleteItem(item._id)" style="display: none;">\n            <label i18n="list.deleteItem" class="ng-binding">[list.deleteItem]</label>\n        </button>\n    </div>'
,Chrome 31.0 (Windows) LOG: '<div ng-show="items.length &gt; 0" ng-hide="detailId &amp;&amp; detailId!=item._id" id="" ng-repeat="item in items | filter: getFilter()" class="item columns ng-scope large-25 listView" ng-class="getItemStyleClasses(item)" ng-style="setItemHeight()">\n        <div class="selectFromCheckbox" ng-show="isMultiSelectable()" style="display: none;">\n            <div class="white checkContainer ng-pristine ng-valid" checkbox="" ng-model="item.isSelected" ng-click="clickOnItem(item, $index, $event, false)" block-update-model="true"><div class="check icheckbox_square-blue checked"><input tabindex="" type="checkbox" id="checkbox05N" style="position: absolute; top: -20%; left: -20%; display: block; width: 140%; height: 140%; margin: 0px; padding: 0px; background-color: rgb(255, 255, 255); border: 0px; opacity: 0; background-position: initial initial; background-repeat: initial initial;"><ins class="iCheck-helper" style="position: absolute; top: -20%; left: -20%; display: block; width: 140%; height: 140%; margin: 0px; padding: 0px; background-color: rgb(255, 255, 255); border: 0px; opacity: 0; background-position: initial initial; background-repeat: initial initial;"></ins></div><label for="checkbox05N" ng-show="label" i18n-title="" style="display: none;"><label i18n="" class="ng-binding">[]</label></label></div>\n        </div>\n        <div class="text" ng-click="clickOnItem(item, $index, $event, true)">\n             <div ux-transclude="template" class="ng-isolate-scope ng-scope"><div class="ng-scope">This is the transcluded content</div></div>\n         </div>\n        <button class="remove removeIcon" ng-click="clickOnItem(item, $index, $event, false)" ng-show="isDeletable()" confirm-action="deleteItem(item._id)" style="display: none;">\n            <label i18n="list.deleteItem" class="ng-binding">[list.deleteItem]</label>\n        </button>\n    </div>'
,Chrome 31.0 (Windows) LOG: '<div ng-show="items.length &gt; 0" ng-hide="detailId &amp;&amp; detailId!=item._id" id="" ng-repeat="item in items | filter: getFilter()" class="item columns ng-scope large-25 listView" ng-class="getItemStyleClasses(item)" ng-style="setItemHeight()">\n        <div class="selectFromCheckbox" ng-show="isMultiSelectable()" style="display: none;">\n            <div class="white checkContainer ng-pristine ng-valid" checkbox="" ng-model="item.isSelected" ng-click="clickOnItem(item, $index, $event, false)" block-update-model="true"><div class="check icheckbox_square-blue checked"><input tabindex="" type="checkbox" id="checkbox00J" style="position: absolute; top: -20%; left: -20%; display: block; width: 140%; height: 140%; margin: 0px; padding: 0px; background-color: rgb(255, 255, 255); border: 0px; opacity: 0; background-position: initial initial; background-repeat: initial initial;"><ins class="iCheck-helper" style="position: absolute; top: -20%; left: -20%; display: block; width: 140%; height: 140%; margin: 0px; padding: 0px; background-color: rgb(255, 255, 255); border: 0px; opacity: 0; background-position: initial initial; background-repeat: initial initial;"></ins></div><label for="checkbox00J" ng-show="label" i18n-title="" style="display: none;"><label i18n="" class="ng-binding">[]</label></label></div>\n        </div>\n        <div class="text" ng-click="clickOnItem(item, $index, $event, true)">\n             <div ux-transclude="template" class="ng-isolate-scope ng-scope"><div class="ng-scope">This is the transcluded content</div></div>\n         </div>\n        <button class="remove removeIcon" ng-click="clickOnItem(item, $index, $event, false)" ng-show="isDeletable()" confirm-action="deleteItem(item._id)" style="display: none;">\n            <label i18n="list.deleteItem" class="ng-binding">[list.deleteItem]</label>\n        </button>\n    </div>'
,Chrome 31.0 (Windows) LOG: '<div class="rightActions floatRight getPageActions" ng-show="showPrevPageLink()||showNextPageLink()" style="display: none;">\n        <button class="getPrevPage" ng-click="getPrevPage()" ng-show="showPrevPageLink()" style="display: none;">&lt;</button>\n        <button class="getNextPage" ng-click="getNextPage()" ng-show="showNextPageLink()" style="display: none;">&gt;</button>\n    </div>'
,Chrome 31.0 (Windows) LOG: ''

]]></system-out>
    <system-err/>
  </testsuite>
</testsuites>
