<?xml version="1.0"?>
<testsuites>
  <testsuite name="Chrome 27.0 (Windows)" package="undefined" timestamp="2013-05-29T15:33:51" id="0" hostname="RicardoMallols" tests="0" errors="1" failures="0" time="0">
    <properties>
      <property name="browser.fullName" value="Mozilla/5.0 (Windows NT 6.2; WOW64) AppleWebKit/537.36 (KHTML, like Gecko) Chrome/27.0.1453.94 Safari/537.36"/>
    </properties>
    <system-out><![CDATA[Chrome 27.0 (Windows) ERROR
	Uncaught ReferenceError: inject is not defined
	at C:/Users/Ricardo/Google Drive/ux/uxit/app/server/tests/services/simple.spec.js:1
,Chrome 27.0 (Windows) ERROR
	Uncaught ReferenceError: inject is not defined
	at C:/Users/Ricardo/Google Drive/ux/uxit/app/server/tests/services/simple.spec.js:1
,Chrome 27.0 (Windows) LOG: 'hello'
,Chrome 27.0 (Windows) LOG: 'hello***********'
,Chrome 27.0 (Windows) ERROR
	Uncaught ReferenceError: angular is not defined
	at C:/Users/Ricardo/Google Drive/ux/uxit/app/server/tests/services/simple.spec.js:2

]]></system-out>
    <system-err/>
  </testsuite>
</testsuites>
